make --dry-run --always-make --keep-going --print-directory
make: Entering directory '/home/minji/gati-linux-driver'
CDPATH="${ZSH_VERSION+.}:" && cd . && /bin/sh /home/minji/gati-linux-driver/missing aclocal-1.15 
 
 cd . && /bin/sh /home/minji/gati-linux-driver/missing automake-1.15 --foreign
 
Makefile.am:4: warning: user target 'distcleancheck' defined here ...
/usr/share/automake-1.15/am/distdir.am: ... overrides Automake target 'distcleancheck' defined here

CDPATH="${ZSH_VERSION+.}:" && cd . && /bin/sh /home/minji/gati-linux-driver/missing autoconf
 
/bin/sh ./config.status --recheck
 
running CONFIG_SHELL=/bin/sh /bin/sh ./configure --no-create --no-recursion
 
checking for a BSD-compatible install...  
/usr/bin/install -c
 
checking whether build environment is sane...  
yes
 
checking for a thread-safe mkdir -p...  
/bin/mkdir -p
 
checking for gawk...  
gawk
 
checking whether make sets $(MAKE)...  
yes
 
checking whether make supports nested variables...  
yes
 
checking whether make supports nested variables...  
(cached) yes
 
checking for style of include used by make...  
GNU
 
checking for gcc...  
gcc
 
checking whether the C compiler works...  
yes
 
checking for C compiler default output file name... a.out
 
checking for suffix of executables...  

 
checking whether we are cross compiling...  
no
 
checking for suffix of object files...  
o
 
checking whether we are using the GNU C compiler...  
yes
 
checking whether gcc accepts -g...  
yes
 
checking for gcc option to accept ISO C89...  
none needed
 
checking whether gcc understands -c and -o together...  
yes
 
checking dependency style of gcc...  
gcc3
 
checking for ar...  
ar
 
checking the archiver (ar) interface...  
ar
 
checking build system type...  
x86_64-pc-linux-gnu
 
checking host system type...  
x86_64-pc-linux-gnu
 
checking how to print strings...  
printf
 
checking for a sed that does not truncate output...  
/bin/sed
 
checking for grep that handles long lines and -e...  
/bin/grep
 
checking for egrep...  
/bin/grep -E
 
checking for fgrep...  
/bin/grep -F
 
checking for ld used by gcc...  
/usr/bin/ld
 
checking if the linker (/usr/bin/ld) is GNU ld...  
yes
 
checking for BSD- or MS-compatible name lister (nm)...  
/usr/bin/nm -B
 
checking the name lister (/usr/bin/nm -B) interface...  
BSD nm
checking whether ln -s works...  
yes
checking the maximum length of command line arguments...  
1572864
 
checking how to convert x86_64-pc-linux-gnu file names to x86_64-pc-linux-gnu format...  
func_convert_file_noop
 
checking how to convert x86_64-pc-linux-gnu file names to toolchain format...  
func_convert_file_noop
 
checking for /usr/bin/ld option to reload object files...  
-r
 
checking for objdump...  
objdump
 
checking how to recognize dependent libraries...  
pass_all
 
checking for dlltool...  
no
checking how to associate runtime and link libraries... printf %s\n
checking for archiver @FILE support...  
@
 
checking for strip...  
strip
 
checking for ranlib...  
ranlib
 
checking command to parse /usr/bin/nm -B output from gcc object...  
ok
 
checking for sysroot...  
no
checking for a working dd...  
/bin/dd
 
checking how to truncate binary pipes...  
/bin/dd bs=4096 count=1
 
checking for mt...  
mt
 
checking if mt is a manifest tool...  
no
 
checking how to run the C preprocessor...  
gcc -E
 
checking for ANSI C header files...  
yes
 
checking for sys/types.h...  
yes
 
checking for sys/stat.h...  
yes
 
checking for stdlib.h...  
yes
 
checking for string.h...  
yes
 
checking for memory.h...  
yes
 
checking for strings.h...  
yes
 
checking for inttypes.h...  
yes
 
checking for stdint.h...  
yes
 
checking for unistd.h...  
yes
 
checking for dlfcn.h...  
yes
 
checking for objdir...  
.libs
 
checking if gcc supports -fno-rtti -fno-exceptions...  
no
 
checking for gcc option to produce PIC... -fPIC -DPIC
checking if gcc PIC flag -fPIC -DPIC works...  
yes
 
checking if gcc static flag -static works...  
yes
 
checking if gcc supports -c -o file.o...  
yes
 
checking if gcc supports -c -o file.o... (cached) yes
checking whether the gcc linker (/usr/bin/ld -m elf_x86_64) supports shared libraries...  
yes
 
checking whether -lc should be explicitly linked in...  
no
checking dynamic linker characteristics...  
GNU/Linux ld.so
 
checking how to hardcode library paths into programs... immediate
 
checking for shl_load...  
no
 
checking for shl_load in -ldld...  
no
 
checking for dlopen...  
no
 
checking for dlopen in -ldl...  
yes
 
checking whether a program can dlopen itself...  
yes
 
checking whether a statically linked program can dlopen itself...  
no
 
checking whether stripping libraries is possible...  
yes
 
checking if libtool supports shared libraries... yes
 
checking whether to build shared libraries... yes
 
checking whether to build static libraries... no
 
checking for g++...  
g++
 
checking whether we are using the GNU C++ compiler...  
yes
 
checking whether g++ accepts -g...  
yes
 
checking dependency style of g++...  
gcc3
 
checking how to run the C++ preprocessor...  
g++ -E
 
checking for ld used by g++...  
/usr/bin/ld -m elf_x86_64
 
checking if the linker (/usr/bin/ld -m elf_x86_64) is GNU ld...  
yes
 
checking whether the g++ linker (/usr/bin/ld -m elf_x86_64) supports shared libraries...  
yes
 
checking for g++ option to produce PIC...  
-fPIC -DPIC
checking if g++ PIC flag -fPIC -DPIC works...  
yes
 
checking if g++ static flag -static works...  
yes
 
checking if g++ supports -c -o file.o...  
yes
checking if g++ supports -c -o file.o... (cached) yes
checking whether the g++ linker (/usr/bin/ld -m elf_x86_64) supports shared libraries... yes
checking dynamic linker characteristics... (cached)  
GNU/Linux ld.so
 
checking how to hardcode library paths into programs... immediate
 
checking for gcc...  
(cached) gcc
 
checking whether we are using the GNU C compiler... (cached)  
yes
checking whether gcc accepts -g... (cached)  
yes
 
checking for gcc option to accept ISO C89...  
(cached)  
none needed
 
checking whether gcc understands -c and -o together...  
(cached) yes
 
checking dependency style of gcc...  
(cached)  
gcc3
 
checking that generated files are newer than configure...  
done
 
configure: creating ./config.status
 
 /bin/sh ./config.status
 
config.status: creating Makefile
 
config.status: creating Middle/CsDisp/Makefile
 
config.status: creating Middle/CsFs/Makefile
 
config.status: creating Middle/CsRmDLL/Makefile
 
config.status: creating Middle/CsRm/Makefile
 
config.status: creating Middle/CsSsm/Makefile
 
config.status: creating Sdk/CsAppSupport/Makefile
 
config.status: creating Boards/UserSpace/CsRabbit/Makefile
 
config.status: creating Boards/UserSpace/CsSpider/Makefile
 
config.status: creating Boards/UserSpace/CsSplenda/Makefile
 
config.status: creating Boards/UserSpace/CsDecade12/Makefile
 
config.status: creating Boards/UserSpace/CsHexagon/Makefile
 
config.status: creating Boards/UserSpace/CsJohnDeere/Makefile
 
config.status: creating config.h
 
config.status: config.h is unchanged
 
config.status: executing depfiles commands
 
config.status: executing libtool commands
 
(CDPATH="${ZSH_VERSION+.}:" && cd . && /bin/sh /home/minji/gati-linux-driver/missing autoheader)
rm -f stamp-h1
touch config.h.in
rm -f stamp-h1
cd . && /bin/sh ./config.status config.h
test -f config.h || rm -f stamp-h1
test -f config.h || make  stamp-h1
 
make  all-recursive
 
make[1]: Entering directory '/home/minji/gati-linux-driver'
CDPATH="${ZSH_VERSION+.}:" && cd . && /bin/sh /home/minji/gati-linux-driver/missing aclocal-1.15 
 
 cd . && /bin/sh /home/minji/gati-linux-driver/missing automake-1.15 --foreign
 
Makefile.am:4: warning: user target 'distcleancheck' defined here ...
/usr/share/automake-1.15/am/distdir.am: ... overrides Automake target 'distcleancheck' defined here

CDPATH="${ZSH_VERSION+.}:" && cd . && /bin/sh /home/minji/gati-linux-driver/missing autoconf
 
Makefile:474: recipe for target 'configure' failed
Makefile:442: recipe for target 'all' failed
 
make[1]: *** [configure] Interrupt
make: *** [all] Interrupt

