make all --print-data-base --no-builtin-variables --no-builtin-rules --question
# GNU Make 4.1
# Built for x86_64-pc-linux-gnu
# Copyright (C) 1988-2014 Free Software Foundation, Inc.
# License GPLv3+: GNU GPL version 3 or later <http://gnu.org/licenses/gpl.html>
# This is free software: you are free to change and redistribute it.
# There is NO WARRANTY, to the extent permitted by law.
 

# Make data base, printed on Mon Jul 11 13:24:18 2022

# Variables

# 'override' directive
GNUMAKEFLAGS := 
# makefile (from 'Makefile', line 186)
ETAGS = etags
# automatic
<D = $(patsubst %/,%,$(dir $<))
# automatic
?F = $(notdir $?)
# makefile (from 'Makefile', line 188)
CSCOPE = cscope
# environment
DESKTOP_SESSION = ubuntu
# environment
XAUTHORITY = /run/user/1000/gdm/Xauthority
# default
.SHELLFLAGS := -c
# makefile (from 'Makefile', line 162)
am__recursive_targets = $(RECURSIVE_TARGETS) $(RECURSIVE_CLEAN_TARGETS) $(am__extra_recursive_targets)
# environment
LANG\tDEFAULT = en_US.UTF-8
# makefile (from 'Makefile', line 88)
POST_UNINSTALL = :
# environment
XDG_SESSION_TYPE = x11
# environment
VSCODE_LOG_NATIVE = false
# automatic
?D = $(patsubst %/,%,$(dir $?))
# makefile (from 'Makefile', line 247)
CPPFLAGS = 
# makefile (from 'Makefile', line 230)
DIST_TARGETS = dist-gzip
# makefile (from 'Makefile', line 265)
INSTALL = /usr/bin/install -c
# environment
SESSION_MANAGER = local/minji-P10S-V-Series:@/tmp/.ICE-unix/2133,unix/minji-P10S-V-Series:/tmp/.ICE-unix/2133
# makefile (from 'Makefile', line 253)
DEFS = -DHAVE_CONFIG_H
# automatic
@D = $(patsubst %/,%,$(dir $@))
# environment
PAPERSIZE\tDEFAULT = a4
# environment
GDMSESSION = ubuntu
# environment
XMODIFIERS = @im=ibus
# makefile
CURDIR := /home/minji/gati-linux-driver
# makefile (from 'Makefile', line 299)
SHELL = /bin/sh
# makefile (from 'Makefile', line 282)
NM = /usr/bin/nm -B
# environment
VSCODE_NLS_CONFIG = {"locale":"ko","availableLanguages":{"*":"ko"},"_languagePackId":"738ac08552cca045871a73764b8c446f.ko","_translationsConfigFile":"/home/minji/.config/Code/clp/738ac08552cca045871a73764b8c446f.ko/tcf.json","_cacheRoot":"/home/minji/.config/Code/clp/738ac08552cca045871a73764b8c446f.ko","_resolvedLanguagePackCoreLocation":"/home/minji/.config/Code/clp/738ac08552cca045871a73764b8c446f.ko/da15b6fd3ef856477bf6f4fb29ba1b7af717770d","_corruptedFile":"/home/minji/.config/Code/clp/738ac08552cca045871a73764b8c446f.ko/corrupted.info","_languagePackSupport":true}
# makefile (from 'Makefile', line 324)
datarootdir = ${prefix}/share
# environment
_ = /usr/bin/make
# makefile (from 'Makefile', line 245)
CFLAGS = -g -O2
# makefile (from 'Makefile', line 109)
am__strip_dir = f=`echo $$p | sed -e 's|^.*/||'`;
# makefile (from 'Makefile', line 83)
NORMAL_INSTALL = :
# makefile (from 'Makefile', line 147)
RECURSIVE_TARGETS = all-recursive check-recursive cscopelist-recursive ctags-recursive dvi-recursive html-recursive info-recursive install-data-recursive install-dvi-recursive install-exec-recursive install-html-recursive install-info-recursive install-pdf-recursive install-ps-recursive install-recursive installcheck-recursive installdirs-recursive pdf-recursive ps-recursive tags-recursive uninstall-recursive
# makefile (from 'Makefile', line 137)
AM_V_GEN = $(am__v_GEN_$(V))
# environment
XDG_CONFIG_DIRS = /etc/xdg/xdg-ubuntu:/etc/xdg
# makefile (from 'Makefile', line 193)
DISTFILES = $(DIST_COMMON) $(DIST_SOURCES) $(TEXINFOS) $(EXTRA_DIST)
# makefile (from 'Makefile', line 344)
pdfdir = ${docdir}
# makefile (from 'Makefile', line 330)
host_cpu = x86_64
# makefile (from 'Makefile', line 309)
ac_ct_DUMPBIN = 
# makefile (from 'Makefile', line 134)
am__v_P_ = $(am__v_P_$(AM_DEFAULT_VERBOSITY))
# makefile (from 'Makefile', line 138)
am__v_GEN_ = $(am__v_GEN_$(AM_DEFAULT_VERBOSITY))
# makefile (from 'Makefile', line 268)
INSTALL_SCRIPT = ${INSTALL}
# makefile (from 'Makefile', line 1)
MAKEFILE_LIST :=  Makefile
# makefile (from 'Makefile', line 322)
builddir = .
# makefile (from 'Makefile', line 203)
am__relativize = dir0=`pwd`; sed_first='s,^\([^/]*\)/.*$$,\1,'; sed_rest='s,^[^/]*/*,,'; sed_last='s,^.*/\([^/]*\)$$,\1,'; sed_butlast='s,/*[^/]*$$,,'; while test -n "$$dir1"; do first=`echo "$$dir1" | sed -e "$$sed_first"`; if test "$$first" != "."; then if test "$$first" = ".."; then dir2=`echo "$$dir0" | sed -e "$$sed_last"`/"$$dir2"; dir0=`echo "$$dir0" | sed -e "$$sed_butlast"`; else first2=`echo "$$dir2" | sed -e "$$sed_first"`; if test "$$first2" = "$$first"; then dir2=`echo "$$dir2" | sed -e "$$sed_rest"`; else dir2="../$$dir2"; fi; dir0="$$dir0"/"$$first"; fi; fi; dir1=`echo "$$dir1" | sed -e "$$sed_rest"`; done; reldir="$$dir2"
# automatic
@F = $(notdir $@)
# makefile (from 'Makefile', line 321)
build_vendor = pc
# makefile (from 'Makefile', line 122)
am__base_list = sed '$$!N;$$!N;$$!N;$$!N;$$!N;$$!N;$$!N;s/\n/ /g' | sed '$$!N;$$!N;$$!N;$$!N;s/\n/ /g'
# environment
IM_CONFIG_PHASE = 2
# makefile (from 'Makefile', line 275)
LIPO = 
# environment
USERNAME = minji
# makefile (from 'Makefile', line 145)
SOURCES = 
# makefile (from 'Makefile', line 251)
CXXFLAGS = -g -O2
# environment
MANDATORY_PATH = /usr/share/gconf/ubuntu.mandatory.path
# makefile (from 'Makefile', line 74)
pkgincludedir = $(includedir)/gage-driver
# environment
 
XDG_DATA_DIRS = /usr/share/ubuntu:/usr/local/share/:/usr/share/:/var/lib/snapd/desktop
# makefile (from 'Makefile', line 79)
install_sh_PROGRAM = $(install_sh) -c
# makefile (from 'Makefile', line 135)
am__v_P_0 = false
# makefile (from 'Makefile', line 139)
am__v_GEN_0 = @echo "  GEN     " $@;
# environment
DBUS_SESSION_BUS_ADDRESS = unix:path=/run/user/1000/bus
# makefile (from 'Makefile', line 301)
VERSION = 5.04.36
# environment
VSCODE_VERBOSE_LOGGING = true
# makefile (from 'Makefile', line 113)
am__nobase_strip = for p in $$list; do echo "$$p"; done | sed -e "s|$$srcdirstrip/||"
# makefile (from 'Makefile', line 102)
CONFIG_CLEAN_FILES = 
# makefile (from 'Makefile', line 244)
CCDEPMODE = depmode=gcc3
# makefile (from 'Makefile', line 98)
am__CONFIG_DISTCLEAN_FILES = config.status config.cache config.log configure.lineno config.status.lineno
# makefile (from 'Makefile', line 347)
psdir = ${docdir}
# makefile (from 'Makefile', line 242)
AWK = gawk
# makefile (from 'Makefile', line 314)
am__tar = $${TAR-tar} chof - "$$tardir"
# environment
CLUTTER_IM_MODULE = xim
# environment
VSCODE_IPC_HOOK_EXTHOST = /run/user/1000/vscode-ipc-79f9f27c-1dee-4e5a-b27b-8edad9dfecad.sock
# makefile (from 'Makefile', line 29)
am__make_running_with_option = case $${target_option-} in ?) ;; *) echo "am__make_running_with_option: internal error: invalid" "target option '$${target_option-}' specified" >&2; exit 1;; esac; has_opt=no; sane_makeflags=$$MAKEFLAGS; if $(am__is_gnu_make); then sane_makeflags=$$MFLAGS; else case $$MAKEFLAGS in *\\[\ \	]*) bs=\\; sane_makeflags=`printf '%s\n' "$$MAKEFLAGS" | sed "s/$$bs$$bs[$$bs $$bs	]*//g"`;; esac; fi; skip_next=no; strip_trailopt () { flg=`printf '%s\n' "$$flg" | sed "s/$$1.*$$//"`; }; for flg in $$sane_makeflags; do test $$skip_next = yes && { skip_next=no; continue; }; case $$flg in *=*|--*) continue;; -*I) strip_trailopt 'I'; skip_next=yes;; -*I?*) strip_trailopt 'I';; -*O) strip_trailopt 'O'; skip_next=yes;; -*O?*) strip_trailopt 'O';; -*l) strip_trailopt 'l'; skip_next=yes;; -*l?*) strip_trailopt 'l';; -[dEDm]) skip_next=yes;; -[JT]) skip_next=yes;; esac; case $$flg in *$$target_option*) has_opt=yes; break;; esac; done; test $$has_opt = yes
# environment
VSCODE_CWD = /home/minji
# makefile (from 'Makefile', line 228)
DIST_ARCHIVES = $(distdir).tar.gz
# makefile (from 'Makefile', line 320)
build_os = linux-gnu
# makefile (from 'Makefile', line 298)
SET_MAKE = 
# makefile (from 'Makefile', line 78)
install_sh_DATA = $(install_sh) -c -m 644
# default
MAKE_HOST := x86_64-pc-linux-gnu
# environment
PATH = /home/minji/.local/bin:/home/minji/bin:/usr/local/sbin:/usr/local/bin:/usr/sbin:/usr/bin:/sbin:/bin:/usr/games:/usr/local/games:/snap/bin
# makefile (from 'Makefile', line 104)
am__vpath_adj_setup = srcdirstrip=`echo "$(srcdir)" | sed 's|.|.|g'`;
# makefile (from 'Makefile', line 272)
LIBOBJS = 
# makefile (from 'Makefile', line 270)
LD = /usr/bin/ld -m elf_x86_64
# makefile (from 'Makefile', line 181)
am__define_uniq_tagged_files = list='$(am__tagged_files)'; unique=`for i in $$list; do if test -f "$$i"; then echo $$i; else echo $(srcdir)/$$i; fi; done | $(am__uniquify_input)`
# makefile (from 'Makefile', line 356)
top_srcdir = .
# makefile (from 'Makefile', line 255)
DLLTOOL = false
# makefile (from 'Makefile', line 82)
transform = $(program_transform_name)
# makefile (from 'Makefile', line 136)
am__v_P_1 = :
# makefile (from 'Makefile', line 140)
am__v_GEN_1 = 
# makefile (from 'Makefile', line 294)
PACKAGE_VERSION = 5.04.36
# makefile (from 'Makefile', line 348)
 
runstatedir = ${localstatedir}/run
# environment
GPG_AGENT_INFO = /run/user/1000/gnupg/S.gpg-agent:0:1
# makefile (from 'Makefile', line 267)
INSTALL_PROGRAM = ${INSTALL}
# environment
LC_NAME\tDEFAULT = ko_KR.UTF-8
# makefile (from 'Makefile', line 339)
localedir = ${datarootdir}/locale
# environment
XDG_RUNTIME_DIR = /run/user/1000
# makefile (from 'Makefile', line 342)
mkdir_p = $(MKDIR_P)
# makefile (from 'Makefile', line 334)
includedir = ${prefix}/include
# makefile (from 'Makefile', line 18)
am__is_gnu_make = { if test -z '$(MAKELEVEL)'; then false; elif test -n '$(MAKE_HOST)'; then true; elif test -n '$(MAKE_VERSION)' && test -n '$(CURDIR)'; then true; else false; fi; }
# environment
TEXTDOMAIN = im-config
# makefile (from 'Makefile', line 125)
am__uninstall_files_from_dir = { test -z "$$files" || { test ! -d "$$dir" && test ! -f "$$dir" && test ! -r "$$dir"; } || { echo " ( cd '$$dir' && rm -f" $$files ")"; $(am__cd) "$$dir" && rm -f $$files; }; }
# makefile (from 'Makefile', line 346)
program_transform_name = s,x,x,
# makefile (from 'Makefile', line 269)
INSTALL_STRIP_PROGRAM = $(install_sh) -c -s
# makefile (from 'Makefile', line 77)
am__cd = CDPATH="$${ZSH_VERSION+.}$(PATH_SEPARATOR)" && cd
# makefile (from 'Makefile', line 286)
OTOOL = 
# makefile (from 'Makefile', line 168)
am__tagged_files = $(HEADERS) $(SOURCES) $(TAGS_FILES) $(LISP)config.h.in
# makefile (from 'Makefile', line 190)
am__DIST_COMMON = $(srcdir)/Makefile.in $(srcdir)/config.h.in ar-lib compile config.guess config.sub depcomp install-sh ltmain.sh missing
# makefile (from 'Makefile', line 241)
AUTOMAKE = ${SHELL} /home/minji/gati-linux-driver/missing automake-1.15
# makefile (from 'Makefile', line 231)
distuninstallcheck_listfiles = find . -type f -print
# makefile (from 'Makefile', line 285)
OBJEXT = o
# makefile (from 'Makefile', line 235)
ACLOCAL = ${SHELL} /home/minji/gati-linux-driver/missing aclocal-1.15
# makefile (from 'Makefile', line 353)
target_alias = 
# makefile (from 'Makefile', line 238)
AR = ar
# environment
XDG_MENU_PREFIX = gnome-
# environment
VSCODE_LOG_STACK = false
# makefile (from 'Makefile', line 291)
PACKAGE_STRING = Gage Driver 5.04.36
# environment
ELECTRON_RUN_AS_NODE = 1
# makefile (from 'Makefile', line 271)
LDFLAGS = 
 
# makefile (from 'Makefile', line 279)
MAKEINFO = ${SHELL} /home/minji/gati-linux-driver/missing makeinfo
# default
.FEATURES := target-specific order-only second-expansion else-if shortest-stem undefine oneshell archives jobserver output-sync check-symlink load
# makefile (from 'Makefile', line 89)
build_triplet = x86_64-pc-linux-gnu
# makefile (from 'Makefile', line 259)
ECHO_N = -n
# environment
XDG_SESSION_DESKTOP = ubuntu
# environment
SSH_AUTH_SOCK = /run/user/1000/keyring/ssh
# environment
GIO_LAUNCHED_DESKTOP_FILE_PID = 9749
# makefile (from 'Makefile', line 103)
CONFIG_CLEAN_VPATH_FILES = 
# automatic
%F = $(notdir $%)
# makefile (from 'Makefile', line 258)
ECHO_C = 
# makefile (from 'Makefile', line 232)
am__distuninstallcheck_listfiles = $(distuninstallcheck_listfiles) | sed 's|^\./|$(prefix)/|' | grep -v '$(infodir)/dir$$'
# environment
DISPLAY = :0
# makefile (from 'Makefile', line 274)
LIBTOOL = $(SHELL) $(top_builddir)/libtool
 
# makefile (from 'Makefile', line 343)
oldincludedir = /usr/include
# makefile (from 'Makefile', line 327)
exec_prefix = ${prefix}
# environment
LC_NUMERIC\tDEFAULT = ko_KR.UTF-8
# makefile (from 'Makefile', line 91)
subdir = .
# makefile (from 'Makefile', line 315)
am__untar = $${TAR-tar} xf -
# makefile (from 'Makefile', line 351)
srcdir = .
# makefile (from 'Makefile', line 335)
infodir = ${datarootdir}/info
# environment
GTK_IM_MODULE = ibus
# makefile (from 'Makefile', line 326)
dvidir = ${docdir}
# environment
VSCODE_PIPE_LOGGING = true
# makefile (from 'Makefile', line 278)
LT_SYS_LIBRARY_PATH = 
# environment
PWD = /home/minji/gati-linux-driver
# makefile (from 'Makefile', line 80)
 
install_sh_SCRIPT = $(install_sh) -c
# makefile (from 'Makefile', line 277)
LTLIBOBJS = 
# makefile (from 'Makefile', line 304)
abs_top_builddir = /home/minji/gati-linux-driver
# environment
XDG_SEAT = seat0
# environment
SSH_AGENT_PID = 2215
# makefile (from 'Makefile', line 296)
RANLIB = ranlib
# makefile (from 'Makefile', line 341)
mandir = ${datarootdir}/man
# environment
ORIGINAL_XDG_CURRENT_DESKTOP = ubuntu:GNOME
# makefile (from 'Makefile', line 337)
libdir = ${exec_prefix}/lib
# environment
GTK_MODULES = gail:atk-bridge
# makefile (from 'Makefile', line 352)
sysconfdir = ${prefix}/etc
# environment
VSCODE_AMD_ENTRYPOINT = vs/workbench/api/node/extensionHostProcess
# environment
HOME = /home/minji
# makefile (from 'Makefile', line 166)
AM_RECURSIVE_TARGETS = $(am__recursive_targets:-recursive=) TAGS CTAGS cscope distdir dist dist-all distcheck
# makefile (from 'Makefile', line 336)
install_sh = ${SHELL} /home/minji/gati-linux-driver/install-sh
 
# makefile (from 'Makefile', line 297)
SED = /bin/sed
# makefile (from 'Makefile', line 100)
mkinstalldirs = $(install_sh) -d
# makefile (from 'Makefile', line 312)
am__leading_dot = .
# environment
VSCODE_CODE_CACHE_PATH = /home/minji/.config/Code/CachedData/da15b6fd3ef856477bf6f4fb29ba1b7af717770d
# makefile (from 'Makefile', line 313)
am__quote = 
# makefile (from 'Makefile', line 338)
libexecdir = ${exec_prefix}/libexec
# environment
LOGNAME = minji
# makefile (from 'Makefile', line 354)
top_build_prefix = 
# environment
APPLICATION_INSIGHTS_NO_DIAGNOSTIC_CHANNEL = 1
# makefile (from 'Makefile', line 72)
am__make_keepgoing = (target_option=k; $(am__make_running_with_option))
# makefile (from 'Makefile', line 92)
ACLOCAL_M4 = $(top_srcdir)/aclocal.m4
# makefile (from 'Makefile', line 318)
build_alias = 
# makefile (from 'Makefile', line 350)
sharedstatedir = ${prefix}/com
# makefile (from 'Makefile', line 84)
PRE_INSTALL = :
# makefile (from 'Makefile', line 257)
 
DUMPBIN = 
# makefile (from 'Makefile', line 308)
ac_ct_CXX = g++
# makefile (from 'Makefile', line 293)
PACKAGE_URL = 
# environment
VSCODE_HANDLES_UNCAUGHT_ERRORS = true
# default
MAKE_VERSION := 4.1
# environment
GNOME_DESKTOP_SESSION_ID = this-is-deprecated
# automatic
^D = $(patsubst %/,%,$(dir $^))
# environment
XDG_VTNR = 2
# makefile (from 'Makefile', line 283)
NMEDIT = 
# makefile (from 'Makefile', line 195)
top_distdir = $(distdir)
# makefile (from 'Makefile', line 377)
EXTRA_DIST = Include Boards/KernelSpace Package/rpm/gage-driver.spec Package/dkms.conf Package/build_modules.sh Package/clean_modules.sh Package/driver.sh Package/gage.conf Package/gage.sh Package/gagehp.sh Package/gage-driver.conf Package/register_dkms.sh Package/README.user.txt README.txt Boards/Csi/CsSplenda/cse16xyo.csi Boards/Csi/CsSplenda/cse16xyy.csi CsTestQt Sdk/Makefile Sdk/SDK_README.TXT Sdk/C_Common/CsSdkMisc.c Sdk/C_Common/CsSdkMisc.h Sdk/C_Common/CsSdkUtil.c Sdk/C_Common/CsSdkUtil.h Sdk/C_Common/CsTchar.h Sdk/GageAcquire/Acquire.c Sdk/GageAcquire/Acquire.ini Sdk/GageAcquire/Makefile Sdk/GageCoerce/Coerce.c Sdk/GageCoerce/Coerce.h Sdk/GageCoerce/Coerce.ini Sdk/GageCoerce/Makefile Sdk/GageComplexTrigger/ComplexTrigger.c Sdk/GageComplexTrigger/ComplexTrigger.ini Sdk/GageComplexTrigger/Makefile Sdk/GageDeepAcquisition/DeepAcquisition.c Sdk/GageDeepAcquisition/DeepAcquisition.ini Sdk/GageDeepAcquisition/Makefile Sdk/GageMultipleRecord/Makefile Sdk/GageMultipleRecord/MultipleRecord.c Sdk/GageMultipleRecord/MultipleRecord.ini Sdk/GageMultipleSystem/Makefile Sdk/GageMultipleSystem/MultipleSystem.c Sdk/GageMultipleSystem/MultipleSystem.h Sdk/GageMultipleSystem/System1.ini Sdk/GageMultipleSystem/System2.ini Sdk/Advanced/GageEvents/Events.c Sdk/Advanced/GageEvents/Events.h Sdk/Advanced/GageEvents/Events.ini Sdk/Advanced/GageEvents/Makefile Sdk/Advanced/GageEvents/Threads.c Sdk/Advanced/GageStream2Analysis/Makefile Sdk/Advanced/GageStream2Analysis/Stream2Analysis.c Sdk/Advanced/GageStream2Analysis/Stream2Analysis.h Sdk/Advanced/GageStream2Analysis/Stream2Analysis.ini Sdk/Advanced/GageStream2Disk/Makefile Sdk/Advanced/GageStream2Disk/Stream2Disk.c Sdk/Advanced/GageStream2Disk/Stream2Disk.h Sdk/Advanced/GageStream2Disk/Stream2Disk.ini Sdk/Advanced/GageCsPrf/Makefile Sdk/Advanced/GageCsPrf/GageCsPrf.c Sdk/Advanced/GageCsPrf/GageCsPrf.h Sdk/Advanced/GageCsPrf/Prf.ini
# makefile (from 'Makefile', line 340)
localstatedir = ${prefix}/var
 
# makefile (from 'Makefile', line 295)
PATH_SEPARATOR = :
# makefile (from 'Makefile', line 333)
htmldir = ${docdir}
# environment
MAKELEVEL := 0
# makefile (from 'Makefile', line 332)
host_vendor = pc
# makefile (from 'Makefile', line 85)
POST_INSTALL = :
# makefile (from 'Makefile', line 71)
am__make_dryrun = (target_option=n; $(am__make_running_with_option))
# default
MAKE = $(MAKE_COMMAND)
# default
MAKECMDGOALS := all
# makefile (from 'Makefile', line 306)
ac_ct_AR = ar
# environment
QT_IM_MODULE = ibus
# makefile (from 'Makefile', line 86)
NORMAL_UNINSTALL = :
# makefile (from 'Makefile', line 189)
DIST_SUBDIRS = $(SUBDIRS)
# environment
SHLVL = 1
# makefile (from 'Makefile', line 243)
CC = gcc
# makefile (from 'Makefile', line 105)
am__vpath_adj = case $$p in $(srcdir)/*) f=`echo "$$p" | sed "s|^$$srcdirstrip/||"`;; *) f=$$p;; esac;
# environment
 
GNOME_SHELL_SESSION_MODE = ubuntu
# environment
XDG_SESSION_ID = 3
# environment
USER = minji
# environment
LC_TIME\tDEFAULT = ko_KR.UTF-8
# makefile (from 'Makefile', line 261)
EGREP = /bin/grep -E
# makefile (from 'Makefile', line 234)
distcleancheck_listfiles = find . -type f -print
# makefile
.DEFAULT_GOAL := all
# environment
XDG_CURRENT_DESKTOP = Unity
# makefile (from 'Makefile', line 316)
bindir = ${exec_prefix}/bin
# makefile (from 'Makefile', line 133)
AM_V_P = $(am__v_P_$(V))
# makefile (from 'Makefile', line 101)
CONFIG_HEADER = config.h
# makefile (from 'Makefile', line 281)
MKDIR_P = /bin/mkdir -p
# makefile (from 'Makefile', line 307)
ac_ct_CC = gcc
# makefile (from 'Makefile', line 331)
host_os = linux-gnu
 
# automatic
%D = $(patsubst %/,%,$(dir $%))
# environment
LC_MONETARY\tDEFAULT = ko_KR.UTF-8
# makefile (from 'Makefile', line 249)
CXXCPP = g++ -E
# makefile (from 'Makefile', line 246)
CPP = gcc -E
# default
MAKE_COMMAND := make
# makefile (from 'Makefile', line 94)
am__configure_deps = $(am__aclocal_m4_deps) $(CONFIGURE_DEPENDENCIES) $(ACLOCAL_M4)
# makefile (from 'Makefile', line 345)
prefix = /usr/local
# makefile (from 'Makefile', line 292)
PACKAGE_TARNAME = gage-driver
# makefile (from 'Makefile', line 96)
DIST_COMMON = $(srcdir)/Makefile.am $(top_srcdir)/configure $(am__configure_deps) $(am__DIST_COMMON)
# default
.VARIABLES := 
# makefile (from 'Makefile', line 349)
sbindir = ${exec_prefix}/sbin
# automatic
 
*F = $(notdir $*)
# makefile (from 'Makefile', line 81)
INSTALL_HEADER = $(INSTALL_DATA)
# environment
VSCODE_IPC_HOOK = /run/user/1000/vscode-7720240a-1.67.1-main.sock
# makefile (from 'Makefile', line 236)
AMTAR = $${TAR-tar}
# makefile (from 'Makefile', line 319)
build_cpu = x86_64
# makefile (from 'Makefile', line 76)
pkglibexecdir = $(libexecdir)/gage-driver
# makefile (from 'Makefile', line 115)
am__nobase_list = $(am__nobase_strip_setup); for p in $$list; do echo "$$p $$p"; done | sed "s| $$srcdirstrip/| |;"' / .*\//!s/ .*/ ./; s,\( .*\)/[^/]*$$,\1,' | $(AWK) 'BEGIN { files["."] = "" } { files[$$2] = files[$$2] " " $$1; if (++n[$$2] == $(am__install_max)) { print $$2, files[$$2]; n[$$2] = 0; files[$$2] = "" } } END { for (dir in files) print dir, files[dir] }'
# environment
LC_TELEPHONE\tDEFAULT = ko_KR.UTF-8
# makefile (from 'Makefile', line 373)
bin_SCRIPTS = Package/gagehp.sh
# makefile
MAKEFLAGS = pqrR
# environment
MFLAGS = -pqrR
# automatic
*D = $(patsubst %/,%,$(dir $*))
# makefile (from 'Makefile', line 142)
am__v_at_ = $(am__v_at_$(AM_DEFAULT_VERBOSITY))
# makefile (from 'Makefile', line 263)
FGREP = /bin/grep -F
# automatic
+D = $(patsubst %/,%,$(dir $+))
 
# makefile (from 'Makefile', line 284)
OBJDUMP = objdump
# makefile (from 'Makefile', line 250)
CXXDEPMODE = depmode=gcc3
# environment
GDK_BACKEND = x11
# makefile (from 'Makefile', line 202)
am__post_remove_distdir = $(am__remove_distdir)
# environment
LANGUAGE\tDEFAULT = en_US:en
# automatic
+F = $(notdir $+)
# makefile (from 'Makefile', line 310)
all_includes = 
# makefile (from 'Makefile', line 146)
DIST_SOURCES = 
# makefile (from 'Makefile', line 90)
host_triplet = x86_64-pc-linux-gnu
# makefile (from 'Makefile', line 300)
STRIP = strip
# environment
QT_ACCESSIBILITY = 1
# makefile (from 'Makefile', line 328)
host = x86_64-pc-linux-gnu
# makefile (from 'Makefile', line 143)
am__v_at_0 = @
# makefile (from 'Makefile', line 290)
PACKAGE_NAME = Gage Driver
# makefile (from 'Makefile', line 317)
build = x86_64-pc-linux-gnu
# environment
 
DEFAULTS_PATH = /usr/share/gconf/ubuntu.default.path
# makefile (from 'Makefile', line 311)
am__include = include
# makefile (from 'Makefile', line 289)
PACKAGE_BUGREPORT = linux@gage-applied.com
# environment
TEXTDOMAINDIR = /usr/share/locale/
# environment
LC_PAPER\tDEFAULT = ko_KR.UTF-8
# default
MAKEFILES := 
# makefile (from 'Makefile', line 131)
am__installdirs = "$(DESTDIR)$(bindir)"
# makefile (from 'Makefile', line 254)
DEPDIR = .deps
# makefile (from 'Makefile', line 355)
top_builddir = .
# makefile (from 'Makefile', line 173)
am__uniquify_input = $(AWK) ' BEGIN { nonempty = 0; } { items[$$0] = 1; nonempty = 1; } END { if (nonempty) { for (i in items) print i; }; } '
# automatic
<F = $(notdir $<)
# makefile (from 'Makefile', line 276)
LN_S = ln -s
# makefile (from 'Makefile', line 252)
CYGPATH_W = echo
# makefile (from 'Makefile', line 111)
am__nobase_strip_setup = srcdirstrip=`echo "$(srcdir)" | sed 's/[].[^$$\\*|]/\\\\&/g'`
 
# makefile (from 'Makefile', line 248)
CXX = g++
# makefile (from 'Makefile', line 237)
AM_DEFAULT_VERBOSITY = 0
# makefile (from 'Makefile', line 75)
pkglibdir = $(libdir)/gage-driver
# makefile (from 'Makefile', line 256)
DSYMUTIL = 
# makefile (from 'Makefile', line 305)
abs_top_srcdir = /home/minji/gati-linux-driver
# makefile (from 'Makefile', line 302)
abs_builddir = /home/minji/gati-linux-driver
# makefile (from 'Makefile', line 155)
am__can_run_installinfo = case $$AM_UPDATE_INFO_DIR in n|no|NO) false;; *) (install-info --version) >/dev/null 2>&1;; esac
# environment
LC_ALL = C
# makefile (from 'Makefile', line 260)
ECHO_T = 
# makefile (from 'Makefile', line 160)
RECURSIVE_CLEAN_TARGETS = mostlyclean-recursive clean-recursive distclean-recursive maintainer-clean-recursive
# makefile (from 'Makefile', line 262)
EXEEXT = 
# makefile (from 'Makefile', line 93)
am__aclocal_m4_deps = $(top_srcdir)/configure.ac
 
# makefile (from 'Makefile', line 144)
am__v_at_1 = 
# makefile (from 'Makefile', line 287)
OTOOL64 = 
# environment
QT4_IM_MODULE = xim
# environment
LC_MEASUREMENT\tDEFAULT = ko_KR.UTF-8
# makefile (from 'Makefile', line 273)
LIBS = 
# automatic
^F = $(notdir $^)
# makefile (from 'Makefile', line 303)
abs_srcdir = /home/minji/gati-linux-driver
# default
SUFFIXES := 
# makefile (from 'Makefile', line 141)
AM_V_at = $(am__v_at_$(V))
# environment
CHROME_DESKTOP = code-url-handler.desktop
# makefile (from 'Makefile', line 280)
MANIFEST_TOOL = :
# makefile (from 'Makefile', line 239)
AUTOCONF = ${SHELL} /home/minji/gati-linux-driver/missing autoconf
 
# environment
WINDOWPATH = 2
# makefile (from 'Makefile', line 329)
host_alias = 
# default
.INCLUDE_DIRS = /usr/include /usr/local/include /usr/include
# makefile (from 'Makefile', line 266)
INSTALL_DATA = ${INSTALL} -m 644
# environment
GJS_DEBUG_OUTPUT = stderr
# makefile (from 'Makefile', line 325)
docdir = ${datarootdir}/doc/${PACKAGE_TARNAME}
# default
.RECIPEPREFIX := 
# environment
GJS_DEBUG_TOPICS = JS ERROR;JS LOG
# makefile (from 'Makefile', line 194)
distdir = $(PACKAGE)-$(VERSION)
# makefile (from 'Makefile', line 73)
pkgdatadir = $(datadir)/gage-driver
# makefile (from 'Makefile', line 110)
am__install_max = 40
# makefile (from 'Makefile', line 359)
 
SUBDIRS = Middle/CsDisp Middle/CsFs Middle/CsRmDLL Middle/CsRm Middle/CsSsm Sdk/CsAppSupport Boards/UserSpace/CsRabbit Boards/UserSpace/CsSpider Boards/UserSpace/CsSplenda Boards/UserSpace/CsJohnDeere Boards/UserSpace/CsDecade12 Boards/UserSpace/CsHexagon
# environment
GIO_LAUNCHED_DESKTOP_FILE = /usr/share/applications/code.desktop
# makefile (from 'Makefile', line 288)
PACKAGE = gage-driver
# environment
LANG = C
# makefile (from 'Makefile', line 132)
SCRIPTS = $(bin_SCRIPTS)
# makefile (from 'Makefile', line 187)
CTAGS = ctags
# makefile (from 'Makefile', line 323)
datadir = ${datarootdir}
# environment
VSCODE_PID = 9749
# environment
LC_IDENTIFICATION\tDEFAULT = ko_KR.UTF-8
# makefile (from 'Makefile', line 240)
AUTOHEADER = ${SHELL} /home/minji/gati-linux-driver/missing autoheader
# makefile (from 'Makefile', line 264)
GREP = /bin/grep
# makefile (from 'Makefile', line 87)
PRE_UNINSTALL = :
# makefile (from 'Makefile', line 196)
am__remove_distdir = if test -d "$(distdir)"; then find "$(distdir)" -type d ! -perm -200 -exec chmod u+w {} ';' && rm -rf "$(distdir)" || { sleep 5 && rm -rf "$(distdir)"; }; else :; fi
# environment
LC_ADDRESS\tDEFAULT = ko_KR.UTF-8
 
# makefile (from 'Makefile', line 229)
GZIP_ENV = --best
# variable set hash-table stats:
# Load=317/1024=31%, Rehash=0, Collisions=119/437=27%

# Pattern-specific Variable Values

# No pattern-specific variable values.

# Directories

# . (device 2051, inode 11156942): 42 files, no impossibilities.

 
# 42 files, no impossibilities in 1 directories.

# Implicit Rules

# No implicit rules.

# Files

# Not a target:
Sdk/GageDeepAcquisition/DeepAcquisition.c:
#  Implicit rule search has not been done.
#  Modification time never checked.
#  File has not been updated.

# Not a target:
Sdk/GageComplexTrigger/ComplexTrigger.ini:
#  Implicit rule search has not been done.
#  Modification time never checked.
#  File has not been updated.

cscopelist: cscopelist-recursive
#  Implicit rule search has not been done.
#  Modification time never checked.
#  File has not been updated.

 
dist-tarZ: distdir
#  Phony target (prerequisite of .PHONY).
#  Implicit rule search has not been done.
#  File does not exist.
#  File has not been updated.
#  recipe to execute (from 'Makefile', line 725):
	@echo WARNING: "Support for distribution archives compressed with" \
		       "legacy program 'compress' is deprecated." >&2
	@echo WARNING: "It will be removed altogether in Automake 2.0" >&2
	tardir=$(distdir) && $(am__tar) | compress -c >$(distdir).tar.Z
	$(am__post_remove_distdir)

install-man:
#  Phony target (prerequisite of .PHONY).
#  Implicit rule search has not been done.
#  File does not exist.
#  File has not been updated.

pdf-am:
#  Phony target (prerequisite of .PHONY).
#  Implicit rule search has not been done.
#  File does not exist.
#  File has not been updated.

maintainer-clean: maintainer-clean-recursive
#  Phony target (prerequisite of .PHONY).
 
#  Implicit rule search has not been done.
#  File does not exist.
#  File has not been updated.
#  recipe to execute (from 'Makefile', line 912):
	-rm -f $(am__CONFIG_DISTCLEAN_FILES)
	-rm -rf $(top_srcdir)/autom4te.cache
	-rm -f Makefile

install-pdf: install-pdf-recursive
#  Phony target (prerequisite of .PHONY).
#  Implicit rule search has not been done.
#  File does not exist.
#  File has not been updated.

install-dvi-am:
#  Phony target (prerequisite of .PHONY).
#  Implicit rule search has not been done.
#  File does not exist.
#  File has not been updated.

GTAGS:
#  Phony target (prerequisite of .PHONY).
#  Implicit rule search has not been done.
#  File does not exist.
#  File has not been updated.
#  recipe to execute (from 'Makefile', line 615):
	here=`$(am__cd) $(top_builddir) && pwd` \
	  && $(am__cd) $(top_srcdir) \
	  && gtags -i $(GTAGS_ARGS) "$$here"
 

# Not a target:
Sdk/Advanced/GageStream2Analysis/Stream2Analysis.ini:
#  Implicit rule search has not been done.
#  Modification time never checked.
#  File has not been updated.

installdirs-am:
#  Phony target (prerequisite of .PHONY).
#  Implicit rule search has not been done.
#  File does not exist.
#  File has not been updated.
#  recipe to execute (from 'Makefile', line 828):
	for dir in "$(DESTDIR)$(bindir)"; do \
	  test -z "$$dir" || $(MKDIR_P) "$$dir"; \
	done

dvi-recursive:
#  Phony target (prerequisite of .PHONY).
#  Implicit rule search has not been done.
#  File does not exist.
#  File has not been updated.
#  recipe to execute (from 'Makefile', line 545):
	@fail=; \
	if $(am__make_keepgoing); then \
	  failcom='fail=yes'; \
	else \
	  failcom='exit 1'; \
	fi; \
	dot_seen=no; \
	target=`echo $@ | sed s/-recursive//`; \
	case "$@" in \
	  distclean-* | maintainer-clean-*) list='$(DIST_SUBDIRS)' ;; \
	  *) list='$(SUBDIRS)' ;; \
	esac; \
	for subdir in $$list; do \
	  echo "Making $$target in $$subdir"; \
	  if test "$$subdir" = "."; then \
	    dot_seen=yes; \
	    local_target="$$target-am"; \
	  else \
	    local_target="$$target"; \
	  fi; \
	  ($(am__cd) $$subdir && $(MAKE) $(AM_MAKEFLAGS) $$local_target) \
	  || eval $$failcom; \
	done; \
	if test "$$dot_seen" = "no"; then \
	  $(MAKE) $(AM_MAKEFLAGS) "$$target-am" || exit 1; \
	fi; test -z "$$fail"

info-am:
 
#  Phony target (prerequisite of .PHONY).
#  Implicit rule search has not been done.
#  File does not exist.
#  File has not been updated.

install-info-recursive:
#  Phony target (prerequisite of .PHONY).
#  Implicit rule search has not been done.
#  File does not exist.
#  File has not been updated.
#  recipe to execute (from 'Makefile', line 545):
	@fail=; \
	if $(am__make_keepgoing); then \
	  failcom='fail=yes'; \
	else \
	  failcom='exit 1'; \
	fi; \
	dot_seen=no; \
	target=`echo $@ | sed s/-recursive//`; \
	case "$@" in \
	  distclean-* | maintainer-clean-*) list='$(DIST_SUBDIRS)' ;; \
	  *) list='$(SUBDIRS)' ;; \
	esac; \
	for subdir in $$list; do \
	  echo "Making $$target in $$subdir"; \
	  if test "$$subdir" = "."; then \
	    dot_seen=yes; \
	    local_target="$$target-am"; \
	  else \
	    local_target="$$target"; \
	  fi; \
	  ($(am__cd) $$subdir && $(MAKE) $(AM_MAKEFLAGS) $$local_target) \
	  || eval $$failcom; \
	done; \
	if test "$$dot_seen" = "no"; then \
	  $(MAKE) $(AM_MAKEFLAGS) "$$target-am" || exit 1; \
	fi; test -z "$$fail"

install-am: all-am
#  Phony target (prerequisite of .PHONY).
#  Implicit rule search has not been done.
#  File does not exist.
#  File has not been updated.
#  recipe to execute (from 'Makefile', line 837):
	@$(MAKE) $(AM_MAKEFLAGS) install-exec-am install-data-am

# Not a target:
install-sh:
#  Implicit rule search has not been done.
#  Modification time never checked.
#  File has not been updated.

cscopelist-am: config.h.in
#  Phony target (prerequisite of .PHONY).
#  Implicit rule search has not been done.
#  File does not exist.
#  File has not been updated.
#  recipe to execute (from 'Makefile', line 627):
	list='$(am__tagged_files)'; \
	case "$(srcdir)" in \
	  [\\/]* | ?:[\\/]*) sdir="$(srcdir)" ;; \
	  *) sdir=$(subdir)/$(srcdir) ;; \
	esac; \
	for i in $$list; do \
	  if test -f "$$i"; then \
	    echo "$(subdir)/$$i"; \
	  else \
	    echo "$$sdir/$$i"; \
	  fi; \
	done >> $(top_builddir)/cscope.files

# Not a target:
Package/gage.sh:
 
#  Implicit rule search has not been done.
#  Modification time never checked.
#  File has not been updated.

pdf: pdf-recursive
#  Phony target (prerequisite of .PHONY).
#  Implicit rule search has not been done.
#  File does not exist.
#  File has not been updated.

.PRECIOUS: Makefile
#  Implicit rule search has not been done.
#  Modification time never checked.
#  File has not been updated.

# Not a target:
Sdk/Advanced/GageEvents/Events.c:
#  Implicit rule search has not been done.
#  Modification time never checked.
#  File has not been updated.

all: config.h
#  Phony target (prerequisite of .PHONY).
#  Command line target.
#  Implicit rule search has not been done.
#  File does not exist.
#  File has been updated.
#  Needs to be updated (-q is set).
# variable set hash-table stats:
 
# Load=0/32=0%, Rehash=0, Collisions=0/6=0%
#  recipe to execute (from 'Makefile', line 442):
	$(MAKE) $(AM_MAKEFLAGS) all-recursive

# Not a target:
Sdk/Advanced/GageStream2Disk/Stream2Disk.ini:
#  Implicit rule search has not been done.
#  Modification time never checked.
#  File has not been updated.

# Not a target:
Sdk/GageCoerce/Coerce.h:
#  Implicit rule search has not been done.
#  Modification time never checked.
#  File has not been updated.

maintainer-clean-am: distclean-am maintainer-clean-generic
#  Implicit rule search has not been done.
#  Modification time never checked.
#  File has not been updated.

install-pdf-am:
#  Phony target (prerequisite of .PHONY).
#  Implicit rule search has not been done.
#  File does not exist.
#  File has not been updated.

installcheck: installcheck-recursive
#  Phony target (prerequisite of .PHONY).
#  Implicit rule search has not been done.
#  File does not exist.
#  File has not been updated.
 

.PHONY: all-recursive check-recursive cscopelist-recursive ctags-recursive dvi-recursive html-recursive info-recursive install-data-recursive install-dvi-recursive install-exec-recursive install-html-recursive install-info-recursive install-pdf-recursive install-ps-recursive install-recursive installcheck-recursive installdirs-recursive pdf-recursive ps-recursive tags-recursive uninstall-recursive mostlyclean-recursive clean-recursive distclean-recursive maintainer-clean-recursive CTAGS GTAGS TAGS all all-am am--refresh check check-am clean clean-cscope clean-generic clean-libtool cscope cscopelist-am ctags ctags-am dist dist-all dist-bzip2 dist-gzip dist-lzip dist-shar dist-tarZ dist-xz dist-zip distcheck distclean distclean-generic distclean-hdr distclean-libtool distclean-tags distcleancheck distdir distuninstallcheck dvi dvi-am html html-am info info-am install install-am install-binSCRIPTS install-data install-data-am install-dvi install-dvi-am install-exec install-exec-am install-html install-html-am install-info install-info-am install-man install-pdf install-pdf-am install-ps install-ps-am install-strip installcheck installcheck-am installdirs installdirs-am maintainer-clean maintainer-clean-generic mostlyclean mostlyclean-generic mostlyclean-libtool pdf pdf-am ps ps-am tags tags-am uninstall uninstall-am uninstall-binSCRIPTS
#  Implicit rule search has not been done.
#  Modification time never checked.
#  File has not been updated.

# Not a target:
Package/build_modules.sh:
#  Implicit rule search has not been done.
#  Modification time never checked.
#  File has not been updated.

 
# Not a target:
CsTestQt:
#  Implicit rule search has not been done.
#  Modification time never checked.
#  File has not been updated.

distclean-libtool:
#  Phony target (prerequisite of .PHONY).
#  Implicit rule search has not been done.
#  File does not exist.
#  File has not been updated.
#  recipe to execute (from 'Makefile', line 536):
	-rm -f libtool config.lt

distclean-generic:
#  Phony target (prerequisite of .PHONY).
#  Implicit rule search has not been done.
#  File does not exist.
#  File has not been updated.
#  recipe to execute (from 'Makefile', line 855):
	-test -z "$(CONFIG_CLEAN_FILES)" || rm -f $(CONFIG_CLEAN_FILES)
	-test . = "$(srcdir)" || test -z "$(CONFIG_CLEAN_VPATH_FILES)" || rm -f $(CONFIG_CLEAN_VPATH_FILES)

# Not a target:
Sdk/GageMultipleSystem/Makefile:
#  Implicit rule search has not been done.
#  Modification time never checked.
#  File has not been updated.

clean-generic:
#  Phony target (prerequisite of .PHONY).
#  Implicit rule search has not been done.
#  File does not exist.
#  File has not been updated.

 
# Not a target:
Sdk/C_Common/CsSdkMisc.c:
#  Implicit rule search has not been done.
#  Modification time never checked.
#  File has not been updated.

# Not a target:
Sdk/GageMultipleSystem/System1.ini:
#  Implicit rule search has not been done.
#  Modification time never checked.
#  File has not been updated.

# Not a target:
Sdk/GageMultipleRecord/MultipleRecord.c:
#  Implicit rule search has not been done.
#  Modification time never checked.
#  File has not been updated.

configure.ac:
#  Implicit rule search has been done.
#  Last modified 2019-06-21 02:02:15
#  File has been updated.
 
#  Successfully updated.

all-am: Makefile Package/gagehp.sh config.h
#  Phony target (prerequisite of .PHONY).
#  Implicit rule search has not been done.
#  File does not exist.
#  File has not been updated.

distclean: distclean-recursive
#  Phony target (prerequisite of .PHONY).
#  Implicit rule search has not been done.
#  File does not exist.
#  File has not been updated.
#  recipe to execute (from 'Makefile', line 866):
	-rm -f $(am__CONFIG_DISTCLEAN_FILES)
	-rm -f Makefile

ID: config.h.in
#  Implicit rule search has not been done.
#  Modification time never checked.
#  File has not been updated.
#  recipe to execute (from 'Makefile', line 573):
	$(am__define_uniq_tagged_files); mkid -fID $$unique

# Not a target:
Sdk/Advanced/GageEvents/Threads.c:
#  Implicit rule search has not been done.
#  Modification time never checked.
#  File has not been updated.

# Not a target:
Package/gage.conf:
#  Implicit rule search has not been done.
#  Modification time never checked.
#  File has not been updated.
 

# Not a target:
Sdk/Advanced/GageCsPrf/Prf.ini:
#  Implicit rule search has not been done.
#  Modification time never checked.
#  File has not been updated.

mostlyclean-libtool:
#  Phony target (prerequisite of .PHONY).
#  Implicit rule search has not been done.
#  File does not exist.
#  File has not been updated.
#  recipe to execute (from 'Makefile', line 530):
	-rm -f *.lo

# Not a target:
Sdk/Advanced/GageEvents/Events.h:
#  Implicit rule search has not been done.
#  Modification time never checked.
#  File has not been updated.

.SUFFIXES:
#  Implicit rule search has not been done.
#  Modification time never checked.
#  File has not been updated.

tags: tags-recursive
#  Phony target (prerequisite of .PHONY).
#  Implicit rule search has not been done.
#  File does not exist.
#  File has not been updated.

uninstall: uninstall-recursive
#  Phony target (prerequisite of .PHONY).
#  Implicit rule search has not been done.
 
#  File does not exist.
#  File has not been updated.

# Not a target:
Sdk/GageComplexTrigger/Makefile:
#  Implicit rule search has not been done.
#  Modification time never checked.
#  File has not been updated.

install-exec-am: install-binSCRIPTS
#  Phony target (prerequisite of .PHONY).
#  Implicit rule search has not been done.
#  File does not exist.
#  File has not been updated.

info: info-recursive
#  Phony target (prerequisite of .PHONY).
#  Implicit rule search has not been done.
#  File does not exist.
#  File has not been updated.

Makefile: Makefile.in config.status
#  Precious file (prerequisite of .PRECIOUS).
#  Implicit rule search has not been done.
 
#  Last modified 2022-07-11 13:24:12.272867652
#  File has been updated.
#  Successfully updated.
#  recipe to execute (from 'Makefile', line 461):
	@case '$?' in \
	  *config.status*) \
	    echo ' $(SHELL) ./config.status'; \
	    $(SHELL) ./config.status;; \
	  *) \
	    echo ' cd $(top_builddir) && $(SHELL) ./config.status $@ $(am__depfiles_maybe)'; \
	    cd $(top_builddir) && $(SHELL) ./config.status $@ $(am__depfiles_maybe);; \
	esac;

# Not a target:
Include:
#  Implicit rule search has not been done.
#  Modification time never checked.
#  File has not been updated.

Makefile.in: Makefile.am configure.ac aclocal.m4
#  Implicit rule search has not been done.
#  Last modified 2022-07-11 13:24:08.02082661
#  File has been updated.
#  Successfully updated.
#  recipe to execute (from 'Makefile', line 448):
	@for dep in $?; do \
	  case '$(am__configure_deps)' in \
	    *$$dep*) \
	      echo ' cd $(srcdir) && $(AUTOMAKE) --foreign'; \
	      $(am__cd) $(srcdir) && $(AUTOMAKE) --foreign \
		&& exit 0; \
	      exit 1;; \
	  esac; \
	done; \
	echo ' cd $(top_srcdir) && $(AUTOMAKE) --foreign Makefile'; \
	$(am__cd) $(top_srcdir) && \
 
	  $(AUTOMAKE) --foreign Makefile

distclean-am: clean-am distclean-generic distclean-hdr distclean-libtool distclean-tags
#  Implicit rule search has not been done.
#  Modification time never checked.
#  File has not been updated.

clean-cscope:
#  Phony target (prerequisite of .PHONY).
#  Implicit rule search has not been done.
#  File does not exist.
#  File has not been updated.
#  recipe to execute (from 'Makefile', line 622):
	-rm -f cscope.files

# Not a target:
Sdk/Advanced/GageCsPrf/GageCsPrf.c:
#  Implicit rule search has not been done.
#  Modification time never checked.
#  File has not been updated.

# Not a target:
Sdk/C_Common/CsSdkMisc.h:
#  Implicit rule search has not been done.
#  Modification time never checked.
#  File has not been updated.

# Not a target:
depcomp:
#  Implicit rule search has not been done.
#  Modification time never checked.
#  File has not been updated.

installcheck-recursive:
#  Phony target (prerequisite of .PHONY).
 
#  Implicit rule search has not been done.
#  File does not exist.
#  File has not been updated.
#  recipe to execute (from 'Makefile', line 545):
	@fail=; \
	if $(am__make_keepgoing); then \
	  failcom='fail=yes'; \
	else \
	  failcom='exit 1'; \
	fi; \
	dot_seen=no; \
	target=`echo $@ | sed s/-recursive//`; \
	case "$@" in \
	  distclean-* | maintainer-clean-*) list='$(DIST_SUBDIRS)' ;; \
	  *) list='$(SUBDIRS)' ;; \
	esac; \
	for subdir in $$list; do \
	  echo "Making $$target in $$subdir"; \
	  if test "$$subdir" = "."; then \
	    dot_seen=yes; \
	    local_target="$$target-am"; \
	  else \
	    local_target="$$target"; \
	  fi; \
	  ($(am__cd) $$subdir && $(MAKE) $(AM_MAKEFLAGS) $$local_target) \
	  || eval $$failcom; \
	done; \
	if test "$$dot_seen" = "no"; then \
	  $(MAKE) $(AM_MAKEFLAGS) "$$target-am" || exit 1; \
	fi; test -z "$$fail"

configure: configure.ac aclocal.m4
#  Implicit rule search has not been done.
#  Last modified 2022-06-10 17:32:25.447354133
#  File has been updated.
#  Successfully updated.
#  recipe to execute (from 'Makefile', line 474):
	$(am__cd) $(srcdir) && $(AUTOCONF)

install-exec: install-exec-recursive
#  Phony target (prerequisite of .PHONY).
#  Implicit rule search has not been done.
#  File does not exist.
#  File has not been updated.

install-data-recursive:
#  Phony target (prerequisite of .PHONY).
#  Implicit rule search has not been done.
#  File does not exist.
#  File has not been updated.
 
#  recipe to execute (from 'Makefile', line 545):
	@fail=; \
	if $(am__make_keepgoing); then \
	  failcom='fail=yes'; \
	else \
	  failcom='exit 1'; \
	fi; \
	dot_seen=no; \
	target=`echo $@ | sed s/-recursive//`; \
	case "$@" in \
	  distclean-* | maintainer-clean-*) list='$(DIST_SUBDIRS)' ;; \
	  *) list='$(SUBDIRS)' ;; \
	esac; \
	for subdir in $$list; do \
	  echo "Making $$target in $$subdir"; \
	  if test "$$subdir" = "."; then \
	    dot_seen=yes; \
	    local_target="$$target-am"; \
	  else \
	    local_target="$$target"; \
	  fi; \
	  ($(am__cd) $$subdir && $(MAKE) $(AM_MAKEFLAGS) $$local_target) \
	  || eval $$failcom; \
	done; \
	if test "$$dot_seen" = "no"; then \
	  $(MAKE) $(AM_MAKEFLAGS) "$$target-am" || exit 1; \
	fi; test -z "$$fail"

tags-am: config.h.in
#  Phony target (prerequisite of .PHONY).
#  Implicit rule search has not been done.
#  File does not exist.
#  File has not been updated.
#  recipe to execute (from 'Makefile', line 578):
	set x; \
	here=`pwd`; \
	if ($(ETAGS) --etags-include --version) >/dev/null 2>&1; then \
	  include_option=--etags-include; \
	  empty_fix=.; \
	else \
	  include_option=--include; \
	  empty_fix=; \
	fi; \
	list='$(SUBDIRS)'; for subdir in $$list; do \
	  if test "$$subdir" = .; then :; else \
	    test ! -f $$subdir/TAGS || \
	      set "$$@" "$$include_option=$$here/$$subdir/TAGS"; \
	  fi; \
	done; \
	$(am__define_uniq_tagged_files); \
	shift; \
	if test -z "$(ETAGS_ARGS)$$*$$unique"; then :; else \
	  test -n "$$unique" || unique=$$empty_fix; \
	  if test $$# -gt 0; then \
	    $(ETAGS) $(ETAGSFLAGS) $(AM_ETAGSFLAGS) $(ETAGS_ARGS) \
	      "$$@" $$unique; \
	  else \
	    $(ETAGS) $(ETAGSFLAGS) $(AM_ETAGSFLAGS) $(ETAGS_ARGS) \
	      $$unique; \
	  fi; \
	fi

dvi: dvi-recursive
#  Phony target (prerequisite of .PHONY).
#  Implicit rule search has not been done.
#  File does not exist.
#  File has not been updated.

uninstall-binSCRIPTS:
#  Phony target (prerequisite of .PHONY).
#  Implicit rule search has not been done.
#  File does not exist.
#  File has not been updated.
#  recipe to execute (from 'Makefile', line 523):
	@$(NORMAL_UNINSTALL)
	@list='$(bin_SCRIPTS)'; test -n "$(bindir)" || exit 0; \
	files=`for p in $$list; do echo "$$p"; done | \
	       sed -e 's,.*/,,;$(transform)'`; \
	dir='$(DESTDIR)$(bindir)'; $(am__uninstall_files_from_dir)

# Not a target:
 
Sdk/GageComplexTrigger/ComplexTrigger.c:
#  Implicit rule search has not been done.
#  Modification time never checked.
#  File has not been updated.

install-info: install-info-recursive
#  Phony target (prerequisite of .PHONY).
#  Implicit rule search has not been done.
#  File does not exist.
#  File has not been updated.

mostlyclean-am: mostlyclean-generic mostlyclean-libtool
#  Implicit rule search has not been done.
#  Modification time never checked.
#  File has not been updated.

distclean-tags:
#  Phony target (prerequisite of .PHONY).
#  Implicit rule search has not been done.
#  File does not exist.
#  File has not been updated.
#  recipe to execute (from 'Makefile', line 641):
	-rm -f TAGS ID GTAGS GRTAGS GSYMS GPATH tags
	-rm -f cscope.out cscope.in.out cscope.po.out cscope.files

# Not a target:
Makefile.am:
#  Implicit rule search has been done.
#  Last modified 2019-06-21 01:49:43
#  File has been updated.
#  Successfully updated.

cscope: cscope.files
#  Phony target (prerequisite of .PHONY).
 
#  Implicit rule search has not been done.
#  File does not exist.
#  File has not been updated.
#  recipe to execute (from 'Makefile', line 619):
	test ! -s cscope.files \
	  || $(CSCOPE) -b -q $(AM_CSCOPEFLAGS) $(CSCOPEFLAGS) -i cscope.files $(CSCOPE_ARGS)

# Not a target:
Sdk/Advanced/GageStream2Disk/Makefile:
#  Implicit rule search has not been done.
#  Modification time never checked.
#  File has not been updated.

dist-bzip2: distdir
#  Phony target (prerequisite of .PHONY).
#  Implicit rule search has not been done.
#  File does not exist.
#  File has not been updated.
#  recipe to execute (from 'Makefile', line 713):
	tardir=$(distdir) && $(am__tar) | BZIP2=$${BZIP2--9} bzip2 -c >$(distdir).tar.bz2
	$(am__post_remove_distdir)

mostlyclean: mostlyclean-recursive
#  Phony target (prerequisite of .PHONY).
#  Implicit rule search has not been done.
#  File does not exist.
#  File has not been updated.

# Not a target:
 
Package/dkms.conf:
#  Implicit rule search has not been done.
#  Modification time never checked.
#  File has not been updated.

clean-recursive:
#  Phony target (prerequisite of .PHONY).
#  Implicit rule search has not been done.
#  File does not exist.
#  File has not been updated.
#  recipe to execute (from 'Makefile', line 545):
	@fail=; \
	if $(am__make_keepgoing); then \
	  failcom='fail=yes'; \
	else \
	  failcom='exit 1'; \
	fi; \
	dot_seen=no; \
	target=`echo $@ | sed s/-recursive//`; \
	case "$@" in \
	  distclean-* | maintainer-clean-*) list='$(DIST_SUBDIRS)' ;; \
	  *) list='$(SUBDIRS)' ;; \
	esac; \
	for subdir in $$list; do \
	  echo "Making $$target in $$subdir"; \
	  if test "$$subdir" = "."; then \
	    dot_seen=yes; \
	    local_target="$$target-am"; \
	  else \
	    local_target="$$target"; \
	  fi; \
	  ($(am__cd) $$subdir && $(MAKE) $(AM_MAKEFLAGS) $$local_target) \
	  || eval $$failcom; \
	done; \
	if test "$$dot_seen" = "no"; then \
	  $(MAKE) $(AM_MAKEFLAGS) "$$target-am" || exit 1; \
	fi; test -z "$$fail"

dist-shar: distdir
#  Phony target (prerequisite of .PHONY).
#  Implicit rule search has not been done.
#  File does not exist.
#  File has not been updated.
#  recipe to execute (from 'Makefile', line 732):
	@echo WARNING: "Support for shar distribution archives is" \
	               "deprecated." >&2
	@echo WARNING: "It will be removed altogether in Automake 2.0" >&2
	shar $(distdir) | eval GZIP= gzip $(GZIP_ENV) -c >$(distdir).shar.gz
	$(am__post_remove_distdir)

# Not a target:
Sdk/Advanced/GageStream2Analysis/Stream2Analysis.c:
#  Implicit rule search has not been done.
#  Modification time never checked.
#  File has not been updated.

 
distcheck: dist
#  Phony target (prerequisite of .PHONY).
#  Implicit rule search has not been done.
#  File does not exist.
#  File has not been updated.
#  recipe to execute (from 'Makefile', line 751):
	case '$(DIST_ARCHIVES)' in \
	*.tar.gz*) \
	  eval GZIP= gzip $(GZIP_ENV) -dc $(distdir).tar.gz | $(am__untar) ;;\
	*.tar.bz2*) \
	  bzip2 -dc $(distdir).tar.bz2 | $(am__untar) ;;\
	*.tar.lz*) \
	  lzip -dc $(distdir).tar.lz | $(am__untar) ;;\
	*.tar.xz*) \
	  xz -dc $(distdir).tar.xz | $(am__untar) ;;\
	*.tar.Z*) \
	  uncompress -c $(distdir).tar.Z | $(am__untar) ;;\
	*.shar.gz*) \
	  eval GZIP= gzip $(GZIP_ENV) -dc $(distdir).shar.gz | unshar ;;\
	*.zip*) \
	  unzip $(distdir).zip ;;\
	esac
	chmod -R a-w $(distdir)
	chmod u+w $(distdir)
	mkdir $(distdir)/_build $(distdir)/_build/sub $(distdir)/_inst
	chmod a-w $(distdir)
	test -d $(distdir)/_build || exit 0; \
	dc_install_base=`$(am__cd) $(distdir)/_inst && pwd | sed -e 's,^[^:\\/]:[\\/],/,'` \
	  && dc_destdir="$${TMPDIR-/tmp}/am-dc-$$$$/" \
	  && am__cwd=`pwd` \
	  && $(am__cd) $(distdir)/_build/sub \
	  && ../../configure \
	    $(AM_DISTCHECK_CONFIGURE_FLAGS) \
	    $(DISTCHECK_CONFIGURE_FLAGS) \
	    --srcdir=../.. --prefix="$$dc_install_base" \
	  && $(MAKE) $(AM_MAKEFLAGS) \
	  && $(MAKE) $(AM_MAKEFLAGS) dvi \
	  && $(MAKE) $(AM_MAKEFLAGS) check \
	  && $(MAKE) $(AM_MAKEFLAGS) install \
	  && $(MAKE) $(AM_MAKEFLAGS) installcheck \
	  && $(MAKE) $(AM_MAKEFLAGS) uninstall \
	  && $(MAKE) $(AM_MAKEFLAGS) distuninstallcheck_dir="$$dc_install_base" \
	        distuninstallcheck \
	  && chmod -R a-w "$$dc_install_base" \
	  && ({ \
	       (cd ../.. && umask 077 && mkdir "$$dc_destdir") \
	       && $(MAKE) $(AM_MAKEFLAGS) DESTDIR="$$dc_destdir" install \
	       && $(MAKE) $(AM_MAKEFLAGS) DESTDIR="$$dc_destdir" uninstall \
	       && $(MAKE) $(AM_MAKEFLAGS) DESTDIR="$$dc_destdir" \
	            distuninstallcheck_dir="$$dc_destdir" distuninstallcheck; \
	      } || { rm -rf "$$dc_destdir"; exit 1; }) \
	  && rm -rf "$$dc_destdir" \
	  && $(MAKE) $(AM_MAKEFLAGS) dist \
	  && rm -rf $(DIST_ARCHIVES) \
	  && $(MAKE) $(AM_MAKEFLAGS) distcleancheck \
	  && cd "$$am__cwd" \
	  || exit 1
	$(am__post_remove_distdir)
	@(echo "$(distdir) archives ready for distribution: "; \
	  list='$(DIST_ARCHIVES)'; for i in $$list; do echo $$i; done) | \
	  sed -e 1h -e 1s/./=/g -e 1p -e 1x -e '$$p' -e '$$x'

# Not a target:
Sdk/Advanced/GageStream2Analysis/Makefile:
#  Implicit rule search has not been done.
#  Modification time never checked.
#  File has not been updated.

# Not a target:
config.guess:
#  Implicit rule search has not been done.
#  Modification time never checked.
#  File has not been updated.
 

# Not a target:
Boards/KernelSpace:
#  Implicit rule search has not been done.
#  Modification time never checked.
#  File has not been updated.

cscope.files: clean-cscope cscopelist
#  Implicit rule search has not been done.
#  Modification time never checked.
#  File has not been updated.

# Not a target:
Boards/Csi/CsSplenda/cse16xyy.csi:
#  Implicit rule search has not been done.
#  Modification time never checked.
#  File has not been updated.

# Not a target:
Sdk/GageDeepAcquisition/DeepAcquisition.ini:
#  Implicit rule search has not been done.
#  Modification time never checked.
#  File has not been updated.

html-recursive:
#  Phony target (prerequisite of .PHONY).
#  Implicit rule search has not been done.
#  File does not exist.
#  File has not been updated.
#  recipe to execute (from 'Makefile', line 545):
	@fail=; \
	if $(am__make_keepgoing); then \
	  failcom='fail=yes'; \
	else \
	  failcom='exit 1'; \
	fi; \
	dot_seen=no; \
	target=`echo $@ | sed s/-recursive//`; \
	case "$@" in \
	  distclean-* | maintainer-clean-*) list='$(DIST_SUBDIRS)' ;; \
	  *) list='$(SUBDIRS)' ;; \
	esac; \
	for subdir in $$list; do \
	  echo "Making $$target in $$subdir"; \
	  if test "$$subdir" = "."; then \
	    dot_seen=yes; \
	    local_target="$$target-am"; \
	  else \
	    local_target="$$target"; \
	  fi; \
	  ($(am__cd) $$subdir && $(MAKE) $(AM_MAKEFLAGS) $$local_target) \
	  || eval $$failcom; \
	done; \
	if test "$$dot_seen" = "no"; then \
	  $(MAKE) $(AM_MAKEFLAGS) "$$target-am" || exit 1; \
	fi; test -z "$$fail"

dvi-am:
#  Phony target (prerequisite of .PHONY).
#  Implicit rule search has not been done.
#  File does not exist.
#  File has not been updated.

# Not a target:
Package/driver.sh:
#  Implicit rule search has not been done.
 
#  Modification time never checked.
#  File has not been updated.

# Not a target:
Package/gagehp.sh:
#  Implicit rule search has not been done.
#  Modification time never checked.
#  File has not been updated.

install-info-am:
#  Phony target (prerequisite of .PHONY).
#  Implicit rule search has not been done.
#  File does not exist.
#  File has not been updated.

dist-gzip: distdir
#  Phony target (prerequisite of .PHONY).
#  Implicit rule search has not been done.
#  File does not exist.
#  File has not been updated.
#  recipe to execute (from 'Makefile', line 709):
	tardir=$(distdir) && $(am__tar) | eval GZIP= gzip $(GZIP_ENV) -c >$(distdir).tar.gz
	$(am__post_remove_distdir)

# Not a target:
Sdk/GageAcquire/Acquire.ini:
#  Implicit rule search has not been done.
#  Modification time never checked.
#  File has not been updated.

# Not a target:
Sdk/Advanced/GageCsPrf/GageCsPrf.h:
#  Implicit rule search has not been done.
#  Modification time never checked.
#  File has not been updated.

# Not a target:
Sdk/Advanced/GageStream2Disk/Stream2Disk.c:
#  Implicit rule search has not been done.
 
#  Modification time never checked.
#  File has not been updated.

# Not a target:
Sdk/GageMultipleRecord/Makefile:
#  Implicit rule search has not been done.
#  Modification time never checked.
#  File has not been updated.

distclean-hdr:
#  Phony target (prerequisite of .PHONY).
#  Implicit rule search has not been done.
#  File does not exist.
#  File has not been updated.
#  recipe to execute (from 'Makefile', line 492):
	-rm -f config.h stamp-h1

.NOEXPORT:
#  Implicit rule search has not been done.
#  Modification time never checked.
#  File has not been updated.

# Not a target:
config.sub:
#  Implicit rule search has not been done.
#  Modification time never checked.
#  File has not been updated.

maintainer-clean-generic:
#  Phony target (prerequisite of .PHONY).
 
#  Implicit rule search has not been done.
#  File does not exist.
#  File has not been updated.
#  recipe to execute (from 'Makefile', line 859):
	@echo "This command is intended for maintainers to use"
	@echo "it deletes files that may require special tools to rebuild."

ctags-recursive:
#  Phony target (prerequisite of .PHONY).
#  Implicit rule search has not been done.
#  File does not exist.
#  File has not been updated.
#  recipe to execute (from 'Makefile', line 545):
	@fail=; \
	if $(am__make_keepgoing); then \
	  failcom='fail=yes'; \
	else \
	  failcom='exit 1'; \
	fi; \
	dot_seen=no; \
	target=`echo $@ | sed s/-recursive//`; \
	case "$@" in \
	  distclean-* | maintainer-clean-*) list='$(DIST_SUBDIRS)' ;; \
	  *) list='$(SUBDIRS)' ;; \
	esac; \
	for subdir in $$list; do \
	  echo "Making $$target in $$subdir"; \
	  if test "$$subdir" = "."; then \
	    dot_seen=yes; \
	    local_target="$$target-am"; \
	  else \
	    local_target="$$target"; \
	  fi; \
	  ($(am__cd) $$subdir && $(MAKE) $(AM_MAKEFLAGS) $$local_target) \
	  || eval $$failcom; \
	done; \
	if test "$$dot_seen" = "no"; then \
	  $(MAKE) $(AM_MAKEFLAGS) "$$target-am" || exit 1; \
	fi; test -z "$$fail"

# Not a target:
Package/register_dkms.sh:
#  Implicit rule search has not been done.
#  Modification time never checked.
#  File has not been updated.

pdf-recursive:
#  Phony target (prerequisite of .PHONY).
#  Implicit rule search has not been done.
#  File does not exist.
#  File has not been updated.
#  recipe to execute (from 'Makefile', line 545):
 
	@fail=; \
	if $(am__make_keepgoing); then \
	  failcom='fail=yes'; \
	else \
	  failcom='exit 1'; \
	fi; \
	dot_seen=no; \
	target=`echo $@ | sed s/-recursive//`; \
	case "$@" in \
	  distclean-* | maintainer-clean-*) list='$(DIST_SUBDIRS)' ;; \
	  *) list='$(SUBDIRS)' ;; \
	esac; \
	for subdir in $$list; do \
	  echo "Making $$target in $$subdir"; \
	  if test "$$subdir" = "."; then \
	    dot_seen=yes; \
	    local_target="$$target-am"; \
	  else \
	    local_target="$$target"; \
	  fi; \
	  ($(am__cd) $$subdir && $(MAKE) $(AM_MAKEFLAGS) $$local_target) \
	  || eval $$failcom; \
	done; \
	if test "$$dot_seen" = "no"; then \
	  $(MAKE) $(AM_MAKEFLAGS) "$$target-am" || exit 1; \
	fi; test -z "$$fail"

config.status: configure
#  Implicit rule search has not been done.
#  Last modified 2022-07-11 13:24:11.792863021
#  File has been updated.
#  Successfully updated.
#  recipe to execute (from 'Makefile', line 471):
	$(SHELL) ./config.status --recheck

# Not a target:
Sdk/Advanced/GageStream2Analysis/Stream2Analysis.h:
#  Implicit rule search has not been done.
#  Modification time never checked.
#  File has not been updated.

.MAKE: all-recursive check-recursive cscopelist-recursive ctags-recursive dvi-recursive html-recursive info-recursive install-data-recursive install-dvi-recursive install-exec-recursive install-html-recursive install-info-recursive install-pdf-recursive install-ps-recursive install-recursive installcheck-recursive installdirs-recursive pdf-recursive ps-recursive tags-recursive uninstall-recursive mostlyclean-recursive clean-recursive distclean-recursive maintainer-clean-recursive all install-am install-strip
#  Implicit rule search has not been done.
 
#  Modification time never checked.
#  File has not been updated.

# Not a target:
Sdk/GageMultipleSystem/MultipleSystem.c:
#  Implicit rule search has not been done.
#  Modification time never checked.
#  File has not been updated.

# Not a target:
missing:
#  Implicit rule search has not been done.
#  Modification time never checked.
#  File has not been updated.

# Not a target:
Sdk/GageCoerce/Makefile:
#  Implicit rule search has not been done.
#  Modification time never checked.
#  File has not been updated.

aclocal.m4: configure.ac
#  Implicit rule search has not been done.
#  Last modified 2022-06-10 17:32:25.111351095
#  File has been updated.
#  Successfully updated.
#  recipe to execute (from 'Makefile', line 476):
	$(am__cd) $(srcdir) && $(ACLOCAL) $(ACLOCAL_AMFLAGS)

install-html-recursive:
#  Phony target (prerequisite of .PHONY).
#  Implicit rule search has not been done.
#  File does not exist.
#  File has not been updated.
#  recipe to execute (from 'Makefile', line 545):
 
	@fail=; \
	if $(am__make_keepgoing); then \
	  failcom='fail=yes'; \
	else \
	  failcom='exit 1'; \
	fi; \
	dot_seen=no; \
	target=`echo $@ | sed s/-recursive//`; \
	case "$@" in \
	  distclean-* | maintainer-clean-*) list='$(DIST_SUBDIRS)' ;; \
	  *) list='$(SUBDIRS)' ;; \
	esac; \
	for subdir in $$list; do \
	  echo "Making $$target in $$subdir"; \
	  if test "$$subdir" = "."; then \
	    dot_seen=yes; \
	    local_target="$$target-am"; \
	  else \
	    local_target="$$target"; \
	  fi; \
	  ($(am__cd) $$subdir && $(MAKE) $(AM_MAKEFLAGS) $$local_target) \
	  || eval $$failcom; \
	done; \
	if test "$$dot_seen" = "no"; then \
	  $(MAKE) $(AM_MAKEFLAGS) "$$target-am" || exit 1; \
	fi; test -z "$$fail"

# Not a target:
Sdk/Makefile:
#  Implicit rule search has not been done.
#  Modification time never checked.
#  File has not been updated.

# Not a target:
compile:
#  Implicit rule search has not been done.
#  Modification time never checked.
#  File has not been updated.

# Not a target:
.DEFAULT:
#  Implicit rule search has not been done.
#  Modification time never checked.
#  File has not been updated.

config.h: stamp-h1
#  Implicit rule search has not been done.
#  Implicit/static pattern stem: ''
#  Last modified 2022-06-10 17:32:28.25937976
#  File has been updated.
#  Needs to be updated (-q is set).
 
# automatic
# @ := config.h
# automatic
# % := 
# automatic
# * := 
# automatic
# + := stamp-h1
# automatic
# | := 
# automatic
# < := stamp-h1
# automatic
# ^ := stamp-h1
# automatic
# ? := stamp-h1
# variable set hash-table stats:
# Load=8/32=25%, Rehash=0, Collisions=2/16=12%
#  recipe to execute (from 'Makefile', line 480):
	@test -f $@ || rm -f stamp-h1
	@test -f $@ || $(MAKE) $(AM_MAKEFLAGS) stamp-h1

# Not a target:
Sdk/Advanced/GageStream2Disk/Stream2Disk.h:
#  Implicit rule search has not been done.
#  Modification time never checked.
#  File has not been updated.

check-recursive:
#  Phony target (prerequisite of .PHONY).
#  Implicit rule search has not been done.
 
#  File does not exist.
#  File has not been updated.
#  recipe to execute (from 'Makefile', line 545):
	@fail=; \
	if $(am__make_keepgoing); then \
	  failcom='fail=yes'; \
	else \
	  failcom='exit 1'; \
	fi; \
	dot_seen=no; \
	target=`echo $@ | sed s/-recursive//`; \
	case "$@" in \
	  distclean-* | maintainer-clean-*) list='$(DIST_SUBDIRS)' ;; \
	  *) list='$(SUBDIRS)' ;; \
	esac; \
	for subdir in $$list; do \
	  echo "Making $$target in $$subdir"; \
	  if test "$$subdir" = "."; then \
	    dot_seen=yes; \
	    local_target="$$target-am"; \
	  else \
	    local_target="$$target"; \
	  fi; \
	  ($(am__cd) $$subdir && $(MAKE) $(AM_MAKEFLAGS) $$local_target) \
	  || eval $$failcom; \
	done; \
	if test "$$dot_seen" = "no"; then \
	  $(MAKE) $(AM_MAKEFLAGS) "$$target-am" || exit 1; \
	fi; test -z "$$fail"

config.h.in: configure.ac aclocal.m4
#  Implicit rule search has not been done.
#  Last modified 2022-06-10 17:32:25.535354928
#  File has been updated.
#  Successfully updated.
#  recipe to execute (from 'Makefile', line 487):
	($(am__cd) $(top_srcdir) && $(AUTOHEADER))
	rm -f stamp-h1
	touch $@

# Not a target:
Sdk/GageCoerce/Coerce.ini:
#  Implicit rule search has not been done.
#  Modification time never checked.
#  File has not been updated.

# Not a target:
ltmain.sh:
#  Implicit rule search has not been done.
#  Modification time never checked.
#  File has not been updated.

install-data: install-data-recursive
#  Phony target (prerequisite of .PHONY).
 
#  Implicit rule search has not been done.
#  File does not exist.
#  File has not been updated.

clean-libtool:
#  Phony target (prerequisite of .PHONY).
#  Implicit rule search has not been done.
#  File does not exist.
#  File has not been updated.
#  recipe to execute (from 'Makefile', line 533):
	-rm -rf .libs _libs

# Not a target:
Sdk/C_Common/CsSdkUtil.c:
#  Implicit rule search has not been done.
#  Modification time never checked.
#  File has not been updated.

# Not a target:
Sdk/SDK_README.TXT:
#  Implicit rule search has not been done.
#  Modification time never checked.
#  File has not been updated.

stamp-h1: config.h.in config.status
#  Implicit rule search has not been done.
#  Last modified 2022-07-11 13:24:12.436869234
#  File has been updated.
#  Successfully updated.
#  recipe to execute (from 'Makefile', line 484):
 
	@rm -f stamp-h1
	cd $(top_builddir) && $(SHELL) ./config.status config.h

# Not a target:
Package/clean_modules.sh:
#  Implicit rule search has not been done.
#  Modification time never checked.
#  File has not been updated.

# Not a target:
Sdk/GageMultipleSystem/System2.ini:
#  Implicit rule search has not been done.
#  Modification time never checked.
#  File has not been updated.

am--refresh: Makefile
#  Phony target (prerequisite of .PHONY).
#  Implicit rule search has not been done.
#  File does not exist.
#  File has not been updated.
#  recipe to execute (from 'Makefile', line 446):
	@:

install-dvi-recursive:
#  Phony target (prerequisite of .PHONY).
#  Implicit rule search has not been done.
#  File does not exist.
#  File has not been updated.
 
#  recipe to execute (from 'Makefile', line 545):
	@fail=; \
	if $(am__make_keepgoing); then \
	  failcom='fail=yes'; \
	else \
	  failcom='exit 1'; \
	fi; \
	dot_seen=no; \
	target=`echo $@ | sed s/-recursive//`; \
	case "$@" in \
	  distclean-* | maintainer-clean-*) list='$(DIST_SUBDIRS)' ;; \
	  *) list='$(SUBDIRS)' ;; \
	esac; \
	for subdir in $$list; do \
	  echo "Making $$target in $$subdir"; \
	  if test "$$subdir" = "."; then \
	    dot_seen=yes; \
	    local_target="$$target-am"; \
	  else \
	    local_target="$$target"; \
	  fi; \
	  ($(am__cd) $$subdir && $(MAKE) $(AM_MAKEFLAGS) $$local_target) \
	  || eval $$failcom; \
	done; \
	if test "$$dot_seen" = "no"; then \
	  $(MAKE) $(AM_MAKEFLAGS) "$$target-am" || exit 1; \
	fi; test -z "$$fail"

clean: clean-recursive
#  Phony target (prerequisite of .PHONY).
#  Implicit rule search has not been done.
#  File does not exist.
#  File has not been updated.

# Not a target:
Sdk/C_Common/CsTchar.h:
#  Implicit rule search has not been done.
#  Modification time never checked.
#  File has not been updated.

installdirs-recursive:
#  Phony target (prerequisite of .PHONY).
#  Implicit rule search has not been done.
#  File does not exist.
#  File has not been updated.
#  recipe to execute (from 'Makefile', line 545):
	@fail=; \
	if $(am__make_keepgoing); then \
	  failcom='fail=yes'; \
	else \
	  failcom='exit 1'; \
	fi; \
	dot_seen=no; \
	target=`echo $@ | sed s/-recursive//`; \
	case "$@" in \
	  distclean-* | maintainer-clean-*) list='$(DIST_SUBDIRS)' ;; \
	  *) list='$(SUBDIRS)' ;; \
	esac; \
	for subdir in $$list; do \
	  echo "Making $$target in $$subdir"; \
	  if test "$$subdir" = "."; then \
	    dot_seen=yes; \
	    local_target="$$target-am"; \
	  else \
	    local_target="$$target"; \
	  fi; \
	  ($(am__cd) $$subdir && $(MAKE) $(AM_MAKEFLAGS) $$local_target) \
	  || eval $$failcom; \
	done; \
	if test "$$dot_seen" = "no"; then \
	  $(MAKE) $(AM_MAKEFLAGS) "$$target-am" || exit 1; \
	fi; test -z "$$fail"

info-recursive:
#  Phony target (prerequisite of .PHONY).
 
#  Implicit rule search has not been done.
#  File does not exist.
#  File has not been updated.
#  recipe to execute (from 'Makefile', line 545):
	@fail=; \
	if $(am__make_keepgoing); then \
	  failcom='fail=yes'; \
	else \
	  failcom='exit 1'; \
	fi; \
	dot_seen=no; \
	target=`echo $@ | sed s/-recursive//`; \
	case "$@" in \
	  distclean-* | maintainer-clean-*) list='$(DIST_SUBDIRS)' ;; \
	  *) list='$(SUBDIRS)' ;; \
	esac; \
	for subdir in $$list; do \
	  echo "Making $$target in $$subdir"; \
	  if test "$$subdir" = "."; then \
	    dot_seen=yes; \
	    local_target="$$target-am"; \
	  else \
	    local_target="$$target"; \
	  fi; \
	  ($(am__cd) $$subdir && $(MAKE) $(AM_MAKEFLAGS) $$local_target) \
	  || eval $$failcom; \
	done; \
	if test "$$dot_seen" = "no"; then \
	  $(MAKE) $(AM_MAKEFLAGS) "$$target-am" || exit 1; \
	fi; test -z "$$fail"

install-strip:
#  Phony target (prerequisite of .PHONY).
#  Implicit rule search has not been done.
#  File does not exist.
#  File has not been updated.
#  recipe to execute (from 'Makefile', line 841):
	if test -z '$(STRIP)'; then \
	  $(MAKE) $(AM_MAKEFLAGS) INSTALL_PROGRAM="$(INSTALL_STRIP_PROGRAM)" \
	    install_sh_PROGRAM="$(INSTALL_STRIP_PROGRAM)" INSTALL_STRIP_FLAG=-s \
	      install; \
	else \
	  $(MAKE) $(AM_MAKEFLAGS) INSTALL_PROGRAM="$(INSTALL_STRIP_PROGRAM)" \
	    install_sh_PROGRAM="$(INSTALL_STRIP_PROGRAM)" INSTALL_STRIP_FLAG=-s \
	    "INSTALL_PROGRAM_ENV=STRIPPROG='$(STRIP)'" install; \
	fi

install-ps-recursive:
#  Phony target (prerequisite of .PHONY).
#  Implicit rule search has not been done.
#  File does not exist.
#  File has not been updated.
#  recipe to execute (from 'Makefile', line 545):
	@fail=; \
	if $(am__make_keepgoing); then \
	  failcom='fail=yes'; \
	else \
	  failcom='exit 1'; \
	fi; \
	dot_seen=no; \
	target=`echo $@ | sed s/-recursive//`; \
	case "$@" in \
	  distclean-* | maintainer-clean-*) list='$(DIST_SUBDIRS)' ;; \
	  *) list='$(SUBDIRS)' ;; \
	esac; \
	for subdir in $$list; do \
	  echo "Making $$target in $$subdir"; \
	  if test "$$subdir" = "."; then \
	    dot_seen=yes; \
	    local_target="$$target-am"; \
	  else \
	    local_target="$$target"; \
	  fi; \
	  ($(am__cd) $$subdir && $(MAKE) $(AM_MAKEFLAGS) $$local_target) \
	  || eval $$failcom; \
	done; \
	if test "$$dot_seen" = "no"; then \
	  $(MAKE) $(AM_MAKEFLAGS) "$$target-am" || exit 1; \
	fi; test -z "$$fail"

install-recursive:
#  Phony target (prerequisite of .PHONY).
#  Implicit rule search has not been done.
#  File does not exist.
#  File has not been updated.
#  recipe to execute (from 'Makefile', line 545):
	@fail=; \
	if $(am__make_keepgoing); then \
	  failcom='fail=yes'; \
	else \
	  failcom='exit 1'; \
	fi; \
	dot_seen=no; \
	target=`echo $@ | sed s/-recursive//`; \
	case "$@" in \
	  distclean-* | maintainer-clean-*) list='$(DIST_SUBDIRS)' ;; \
	  *) list='$(SUBDIRS)' ;; \
	esac; \
	for subdir in $$list; do \
	  echo "Making $$target in $$subdir"; \
	  if test "$$subdir" = "."; then \
	    dot_seen=yes; \
	    local_target="$$target-am"; \
	  else \
	    local_target="$$target"; \
	  fi; \
	  ($(am__cd) $$subdir && $(MAKE) $(AM_MAKEFLAGS) $$local_target) \
	  || eval $$failcom; \
	done; \
	if test "$$dot_seen" = "no"; then \
	  $(MAKE) $(AM_MAKEFLAGS) "$$target-am" || exit 1; \
	fi; test -z "$$fail"

ps-recursive:
#  Phony target (prerequisite of .PHONY).
#  Implicit rule search has not been done.
#  File does not exist.
#  File has not been updated.
 
#  recipe to execute (from 'Makefile', line 545):
	@fail=; \
	if $(am__make_keepgoing); then \
	  failcom='fail=yes'; \
	else \
	  failcom='exit 1'; \
	fi; \
	dot_seen=no; \
	target=`echo $@ | sed s/-recursive//`; \
	case "$@" in \
	  distclean-* | maintainer-clean-*) list='$(DIST_SUBDIRS)' ;; \
	  *) list='$(SUBDIRS)' ;; \
	esac; \
	for subdir in $$list; do \
	  echo "Making $$target in $$subdir"; \
	  if test "$$subdir" = "."; then \
	    dot_seen=yes; \
	    local_target="$$target-am"; \
	  else \
	    local_target="$$target"; \
	  fi; \
	  ($(am__cd) $$subdir && $(MAKE) $(AM_MAKEFLAGS) $$local_target) \
	  || eval $$failcom; \
	done; \
	if test "$$dot_seen" = "no"; then \
	  $(MAKE) $(AM_MAKEFLAGS) "$$target-am" || exit 1; \
	fi; test -z "$$fail"

installcheck-am:
#  Phony target (prerequisite of .PHONY).
#  Implicit rule search has not been done.
#  File does not exist.
#  File has not been updated.

# Not a target:
Sdk/GageMultipleSystem/MultipleSystem.h:
#  Implicit rule search has not been done.
#  Modification time never checked.
#  File has not been updated.

cscopelist-recursive:
#  Phony target (prerequisite of .PHONY).
#  Implicit rule search has not been done.
#  File does not exist.
#  File has not been updated.
#  recipe to execute (from 'Makefile', line 545):
	@fail=; \
	if $(am__make_keepgoing); then \
	  failcom='fail=yes'; \
	else \
	  failcom='exit 1'; \
	fi; \
	dot_seen=no; \
	target=`echo $@ | sed s/-recursive//`; \
	case "$@" in \
	  distclean-* | maintainer-clean-*) list='$(DIST_SUBDIRS)' ;; \
	  *) list='$(SUBDIRS)' ;; \
	esac; \
	for subdir in $$list; do \
	  echo "Making $$target in $$subdir"; \
	  if test "$$subdir" = "."; then \
	    dot_seen=yes; \
	    local_target="$$target-am"; \
	  else \
	    local_target="$$target"; \
	  fi; \
	  ($(am__cd) $$subdir && $(MAKE) $(AM_MAKEFLAGS) $$local_target) \
	  || eval $$failcom; \
	done; \
	if test "$$dot_seen" = "no"; then \
	  $(MAKE) $(AM_MAKEFLAGS) "$$target-am" || exit 1; \
	fi; test -z "$$fail"

install-data-am:
#  Phony target (prerequisite of .PHONY).
#  Implicit rule search has not been done.
#  File does not exist.
#  File has not been updated.

dist:
#  Phony target (prerequisite of .PHONY).
#  Implicit rule search has not been done.
#  File does not exist.
#  File has not been updated.
#  recipe to execute (from 'Makefile', line 744):
	$(MAKE) $(AM_MAKEFLAGS) $(DIST_TARGETS) am__post_remove_distdir='@:'
 
	$(am__post_remove_distdir)

maintainer-clean-recursive:
#  Phony target (prerequisite of .PHONY).
#  Implicit rule search has not been done.
#  File does not exist.
#  File has not been updated.
#  recipe to execute (from 'Makefile', line 545):
	@fail=; \
	if $(am__make_keepgoing); then \
	  failcom='fail=yes'; \
	else \
	  failcom='exit 1'; \
	fi; \
	dot_seen=no; \
	target=`echo $@ | sed s/-recursive//`; \
	case "$@" in \
	  distclean-* | maintainer-clean-*) list='$(DIST_SUBDIRS)' ;; \
	  *) list='$(SUBDIRS)' ;; \
	esac; \
	for subdir in $$list; do \
	  echo "Making $$target in $$subdir"; \
	  if test "$$subdir" = "."; then \
	    dot_seen=yes; \
	    local_target="$$target-am"; \
	  else \
	    local_target="$$target"; \
	  fi; \
	  ($(am__cd) $$subdir && $(MAKE) $(AM_MAKEFLAGS) $$local_target) \
	  || eval $$failcom; \
	done; \
	if test "$$dot_seen" = "no"; then \
	  $(MAKE) $(AM_MAKEFLAGS) "$$target-am" || exit 1; \
	fi; test -z "$$fail"

install-pdf-recursive:
#  Phony target (prerequisite of .PHONY).
#  Implicit rule search has not been done.
#  File does not exist.
#  File has not been updated.
#  recipe to execute (from 'Makefile', line 545):
	@fail=; \
	if $(am__make_keepgoing); then \
	  failcom='fail=yes'; \
	else \
	  failcom='exit 1'; \
	fi; \
	dot_seen=no; \
	target=`echo $@ | sed s/-recursive//`; \
	case "$@" in \
	  distclean-* | maintainer-clean-*) list='$(DIST_SUBDIRS)' ;; \
	  *) list='$(SUBDIRS)' ;; \
	esac; \
	for subdir in $$list; do \
	  echo "Making $$target in $$subdir"; \
	  if test "$$subdir" = "."; then \
	    dot_seen=yes; \
	    local_target="$$target-am"; \
	  else \
	    local_target="$$target"; \
	  fi; \
	  ($(am__cd) $$subdir && $(MAKE) $(AM_MAKEFLAGS) $$local_target) \
	  || eval $$failcom; \
	done; \
	if test "$$dot_seen" = "no"; then \
	  $(MAKE) $(AM_MAKEFLAGS) "$$target-am" || exit 1; \
	fi; test -z "$$fail"

# Not a target:
Sdk/Advanced/GageEvents/Events.ini:
#  Implicit rule search has not been done.
#  Modification time never checked.
#  File has not been updated.

ps-am:
#  Phony target (prerequisite of .PHONY).
#  Implicit rule search has not been done.
#  File does not exist.
#  File has not been updated.

# Not a target:
Sdk/C_Common/CsSdkUtil.h:
#  Implicit rule search has not been done.
 
#  Modification time never checked.
#  File has not been updated.

clean-am: clean-generic clean-libtool mostlyclean-am
#  Implicit rule search has not been done.
#  Modification time never checked.
#  File has not been updated.

mostlyclean-generic:
#  Phony target (prerequisite of .PHONY).
#  Implicit rule search has not been done.
#  File does not exist.
#  File has not been updated.

# Not a target:
Package/rpm/gage-driver.spec:
#  Implicit rule search has not been done.
#  Modification time never checked.
#  File has not been updated.

html: html-recursive
#  Phony target (prerequisite of .PHONY).
#  Implicit rule search has not been done.
#  File does not exist.
#  File has not been updated.

uninstall-recursive:
#  Phony target (prerequisite of .PHONY).
#  Implicit rule search has not been done.
#  File does not exist.
#  File has not been updated.
#  recipe to execute (from 'Makefile', line 545):
	@fail=; \
	if $(am__make_keepgoing); then \
	  failcom='fail=yes'; \
	else \
	  failcom='exit 1'; \
	fi; \
	dot_seen=no; \
	target=`echo $@ | sed s/-recursive//`; \
	case "$@" in \
	  distclean-* | maintainer-clean-*) list='$(DIST_SUBDIRS)' ;; \
	  *) list='$(SUBDIRS)' ;; \
	esac; \
	for subdir in $$list; do \
	  echo "Making $$target in $$subdir"; \
	  if test "$$subdir" = "."; then \
	    dot_seen=yes; \
	    local_target="$$target-am"; \
	  else \
	    local_target="$$target"; \
	  fi; \
	  ($(am__cd) $$subdir && $(MAKE) $(AM_MAKEFLAGS) $$local_target) \
	  || eval $$failcom; \
	done; \
	if test "$$dot_seen" = "no"; then \
	  $(MAKE) $(AM_MAKEFLAGS) "$$target-am" || exit 1; \
	fi; test -z "$$fail"

# Not a target:
Sdk/GageDeepAcquisition/Makefile:
#  Implicit rule search has not been done.
#  Modification time never checked.
 
#  File has not been updated.

# Not a target:
Sdk/GageAcquire/Acquire.c:
#  Implicit rule search has not been done.
#  Modification time never checked.
#  File has not been updated.

dist-all:
#  Phony target (prerequisite of .PHONY).
#  Implicit rule search has not been done.
#  File does not exist.
#  File has not been updated.
#  recipe to execute (from 'Makefile', line 744):
	$(MAKE) $(AM_MAKEFLAGS) $(DIST_TARGETS) am__post_remove_distdir='@:'
	$(am__post_remove_distdir)

ctags: ctags-recursive
#  Phony target (prerequisite of .PHONY).
#  Implicit rule search has not been done.
#  File does not exist.
#  File has not been updated.

# Not a target:
Package/README.user.txt:
#  Implicit rule search has not been done.
#  Modification time never checked.
#  File has not been updated.

all-recursive:
#  Phony target (prerequisite of .PHONY).
#  Implicit rule search has not been done.
#  File does not exist.
#  File has not been updated.
 
#  recipe to execute (from 'Makefile', line 545):
	@fail=; \
	if $(am__make_keepgoing); then \
	  failcom='fail=yes'; \
	else \
	  failcom='exit 1'; \
	fi; \
	dot_seen=no; \
	target=`echo $@ | sed s/-recursive//`; \
	case "$@" in \
	  distclean-* | maintainer-clean-*) list='$(DIST_SUBDIRS)' ;; \
	  *) list='$(SUBDIRS)' ;; \
	esac; \
	for subdir in $$list; do \
	  echo "Making $$target in $$subdir"; \
	  if test "$$subdir" = "."; then \
	    dot_seen=yes; \
	    local_target="$$target-am"; \
	  else \
	    local_target="$$target"; \
	  fi; \
	  ($(am__cd) $$subdir && $(MAKE) $(AM_MAKEFLAGS) $$local_target) \
	  || eval $$failcom; \
	done; \
	if test "$$dot_seen" = "no"; then \
	  $(MAKE) $(AM_MAKEFLAGS) "$$target-am" || exit 1; \
	fi; test -z "$$fail"

html-am:
#  Phony target (prerequisite of .PHONY).
#  Implicit rule search has not been done.
#  File does not exist.
#  File has not been updated.

# Not a target:
Sdk/GageMultipleRecord/MultipleRecord.ini:
#  Implicit rule search has not been done.
#  Modification time never checked.
#  File has not been updated.

# Not a target:
README.txt:
#  Implicit rule search has not been done.
#  Modification time never checked.
#  File has not been updated.

dist-lzip: distdir
#  Phony target (prerequisite of .PHONY).
#  Implicit rule search has not been done.
#  File does not exist.
#  File has not been updated.
#  recipe to execute (from 'Makefile', line 717):
	tardir=$(distdir) && $(am__tar) | lzip -c $${LZIP_OPT--9} >$(distdir).tar.lz
	$(am__post_remove_distdir)

# Not a target:
Sdk/Advanced/GageEvents/Makefile:
#  Implicit rule search has not been done.
#  Modification time never checked.
#  File has not been updated.

# Not a target:
Sdk/GageAcquire/Makefile:
 
#  Implicit rule search has not been done.
#  Modification time never checked.
#  File has not been updated.

distcleancheck:
#  Phony target (prerequisite of .PHONY).
#  Implicit rule search has not been done.
#  File does not exist.
#  File has not been updated.
#  recipe to execute (from 'Makefile', line 957):
	@:

uninstall-am: uninstall-binSCRIPTS
#  Phony target (prerequisite of .PHONY).
#  Implicit rule search has not been done.
#  File does not exist.
#  File has not been updated.

distuninstallcheck:
#  Phony target (prerequisite of .PHONY).
#  Implicit rule search has not been done.
#  File does not exist.
#  File has not been updated.
#  recipe to execute (from 'Makefile', line 807):
	@test -n '$(distuninstallcheck_dir)' || { \
	  echo 'ERROR: trying to run $@ with an empty' \
	       '$$(distuninstallcheck_dir)' >&2; \
	  exit 1; \
	}; \
	$(am__cd) '$(distuninstallcheck_dir)' || { \
	  echo 'ERROR: cannot chdir into $(distuninstallcheck_dir)' >&2; \
	  exit 1; \
	}; \
	test `$(am__distuninstallcheck_listfiles) | wc -l` -eq 0 \
	   || { echo "ERROR: files left after uninstall:" ; \
	        if test -n "$(DESTDIR)"; then \
	          echo "  (check DESTDIR support)"; \
	        fi ; \
	        $(distuninstallcheck_listfiles) ; \
	        exit 1; } >&2

install-html: install-html-recursive
#  Phony target (prerequisite of .PHONY).
#  Implicit rule search has not been done.
#  File does not exist.
#  File has not been updated.

# Not a target:
ar-lib:
 
#  Implicit rule search has not been done.
#  Modification time never checked.
#  File has not been updated.

install-binSCRIPTS: Package/gagehp.sh
#  Phony target (prerequisite of .PHONY).
#  Implicit rule search has not been done.
#  File does not exist.
#  File has not been updated.
#  recipe to execute (from 'Makefile', line 494):
	@$(NORMAL_INSTALL)
	@list='$(bin_SCRIPTS)'; test -n "$(bindir)" || list=; \
	if test -n "$$list"; then \
	  echo " $(MKDIR_P) '$(DESTDIR)$(bindir)'"; \
	  $(MKDIR_P) "$(DESTDIR)$(bindir)" || exit 1; \
	fi; \
	for p in $$list; do \
	  if test -f "$$p"; then d=; else d="$(srcdir)/"; fi; \
	  if test -f "$$d$$p"; then echo "$$d$$p"; echo "$$p"; else :; fi; \
	done | \
	sed -e 'p;s,.*/,,;n' \
	    -e 'h;s|.*|.|' \
	    -e 'p;x;s,.*/,,;$(transform)' | sed 'N;N;N;s,\n, ,g' | \
	$(AWK) 'BEGIN { files["."] = ""; dirs["."] = 1; } \
	  { d=$$3; if (dirs[d] != 1) { print "d", d; dirs[d] = 1 } \
	    if ($$2 == $$4) { files[d] = files[d] " " $$1; \
	      if (++n[d] == $(am__install_max)) { \
		print "f", d, files[d]; n[d] = 0; files[d] = "" } } \
	    else { print "f", d "/" $$4, $$1 } } \
	  END { for (d in files) print "f", d, files[d] }' | \
	while read type dir files; do \
	     if test "$$dir" = .; then dir=; else dir=/$$dir; fi; \
	     test -z "$$files" || { \
	       echo " $(INSTALL_SCRIPT) $$files '$(DESTDIR)$(bindir)$$dir'"; \
	       $(INSTALL_SCRIPT) $$files "$(DESTDIR)$(bindir)$$dir" || exit $$?; \
	     } \
	; done

dist-zip: distdir
#  Phony target (prerequisite of .PHONY).
#  Implicit rule search has not been done.
#  File does not exist.
#  File has not been updated.
#  recipe to execute (from 'Makefile', line 739):
	-rm -f $(distdir).zip
	zip -rq $(distdir).zip $(distdir)
	$(am__post_remove_distdir)

check: check-recursive
#  Phony target (prerequisite of .PHONY).
#  Implicit rule search has not been done.
#  File does not exist.
#  File has not been updated.

install-exec-recursive:
#  Phony target (prerequisite of .PHONY).
#  Implicit rule search has not been done.
 
#  File does not exist.
#  File has not been updated.
#  recipe to execute (from 'Makefile', line 545):
	@fail=; \
	if $(am__make_keepgoing); then \
	  failcom='fail=yes'; \
	else \
	  failcom='exit 1'; \
	fi; \
	dot_seen=no; \
	target=`echo $@ | sed s/-recursive//`; \
	case "$@" in \
	  distclean-* | maintainer-clean-*) list='$(DIST_SUBDIRS)' ;; \
	  *) list='$(SUBDIRS)' ;; \
	esac; \
	for subdir in $$list; do \
	  echo "Making $$target in $$subdir"; \
	  if test "$$subdir" = "."; then \
	    dot_seen=yes; \
	    local_target="$$target-am"; \
	  else \
	    local_target="$$target"; \
	  fi; \
	  ($(am__cd) $$subdir && $(MAKE) $(AM_MAKEFLAGS) $$local_target) \
	  || eval $$failcom; \
	done; \
	if test "$$dot_seen" = "no"; then \
	  $(MAKE) $(AM_MAKEFLAGS) "$$target-am" || exit 1; \
	fi; test -z "$$fail"

ctags-am: config.h.in
#  Phony target (prerequisite of .PHONY).
#  Implicit rule search has not been done.
#  File does not exist.
#  File has not been updated.
#  recipe to execute (from 'Makefile', line 609):
	$(am__define_uniq_tagged_files); \
	test -z "$(CTAGS_ARGS)$$unique" \
	  || $(CTAGS) $(CTAGSFLAGS) $(AM_CTAGSFLAGS) $(CTAGS_ARGS) \
	     $$unique

distclean-recursive:
#  Phony target (prerequisite of .PHONY).
#  Implicit rule search has not been done.
#  File does not exist.
#  File has not been updated.
#  recipe to execute (from 'Makefile', line 545):
	@fail=; \
	if $(am__make_keepgoing); then \
	  failcom='fail=yes'; \
	else \
	  failcom='exit 1'; \
	fi; \
	dot_seen=no; \
	target=`echo $@ | sed s/-recursive//`; \
	case "$@" in \
	  distclean-* | maintainer-clean-*) list='$(DIST_SUBDIRS)' ;; \
	  *) list='$(SUBDIRS)' ;; \
	esac; \
	for subdir in $$list; do \
	  echo "Making $$target in $$subdir"; \
	  if test "$$subdir" = "."; then \
	    dot_seen=yes; \
	    local_target="$$target-am"; \
	  else \
	    local_target="$$target"; \
	  fi; \
	  ($(am__cd) $$subdir && $(MAKE) $(AM_MAKEFLAGS) $$local_target) \
	  || eval $$failcom; \
	done; \
	if test "$$dot_seen" = "no"; then \
	  $(MAKE) $(AM_MAKEFLAGS) "$$target-am" || exit 1; \
	fi; test -z "$$fail"

install-ps: install-ps-recursive
#  Phony target (prerequisite of .PHONY).
#  Implicit rule search has not been done.
#  File does not exist.
#  File has not been updated.

# Not a target:
Sdk/Advanced/GageCsPrf/Makefile:
#  Implicit rule search has not been done.
 
#  Modification time never checked.
#  File has not been updated.

TAGS: tags
#  Phony target (prerequisite of .PHONY).
#  Implicit rule search has not been done.
#  File does not exist.
#  File has not been updated.

installdirs: installdirs-recursive
#  Phony target (prerequisite of .PHONY).
#  Implicit rule search has not been done.
#  File does not exist.
#  File has not been updated.

# Not a target:
Boards/Csi/CsSplenda/cse16xyo.csi:
#  Implicit rule search has not been done.
#  Modification time never checked.
#  File has not been updated.

install-dvi: install-dvi-recursive
#  Phony target (prerequisite of .PHONY).
#  Implicit rule search has not been done.
#  File does not exist.
#  File has not been updated.

 
distdir: Makefile.am configure configure.ac aclocal.m4 Makefile.in config.h.in ar-lib compile config.guess config.sub depcomp install-sh ltmain.sh missing Include Boards/KernelSpace Package/rpm/gage-driver.spec Package/dkms.conf Package/build_modules.sh Package/clean_modules.sh Package/driver.sh Package/gage.conf Package/gage.sh Package/gagehp.sh Package/gage-driver.conf Package/register_dkms.sh Package/README.user.txt README.txt Boards/Csi/CsSplenda/cse16xyo.csi Boards/Csi/CsSplenda/cse16xyy.csi CsTestQt Sdk/Makefile Sdk/SDK_README.TXT Sdk/C_Common/CsSdkMisc.c Sdk/C_Common/CsSdkMisc.h Sdk/C_Common/CsSdkUtil.c Sdk/C_Common/CsSdkUtil.h Sdk/C_Common/CsTchar.h Sdk/GageAcquire/Acquire.c Sdk/GageAcquire/Acquire.ini Sdk/GageAcquire/Makefile Sdk/GageCoerce/Coerce.c Sdk/GageCoerce/Coerce.h Sdk/GageCoerce/Coerce.ini Sdk/GageCoerce/Makefile Sdk/GageComplexTrigger/ComplexTrigger.c Sdk/GageComplexTrigger/ComplexTrigger.ini Sdk/GageComplexTrigger/Makefile Sdk/GageDeepAcquisition/DeepAcquisition.c Sdk/GageDeepAcquisition/DeepAcquisition.ini Sdk/GageDeepAcquisition/Makefile Sdk/GageMultipleRecord/Makefile Sdk/GageMultipleRecord/MultipleRecord.c Sdk/GageMultipleRecord/MultipleRecord.ini Sdk/GageMultipleSystem/Makefile Sdk/GageMultipleSystem/MultipleSystem.c Sdk/GageMultipleSystem/MultipleSystem.h Sdk/GageMultipleSystem/System1.ini Sdk/GageMultipleSystem/System2.ini Sdk/Advanced/GageEvents/Events.c Sdk/Advanced/GageEvents/Events.h Sdk/Advanced/GageEvents/Events.ini Sdk/Advanced/GageEvents/Makefile Sdk/Advanced/GageEvents/Threads.c Sdk/Advanced/GageStream2Analysis/Makefile Sdk/Advanced/GageStream2Analysis/Stream2Analysis.c Sdk/Advanced/GageStream2Analysis/Stream2Analysis.h Sdk/Advanced/GageStream2Analysis/Stream2Analysis.ini Sdk/Advanced/GageStream2Disk/Makefile Sdk/Advanced/GageStream2Disk/Stream2Disk.c Sdk/Advanced/GageStream2Disk/Stream2Disk.h Sdk/Advanced/GageStream2Disk/Stream2Disk.ini Sdk/Advanced/GageCsPrf/Makefile Sdk/Advanced/GageCsPrf/GageCsPrf.c Sdk/Advanced/GageCsPrf/GageCsPrf.h Sdk/Advanced/GageCsPrf/Prf.ini
#  Phony target (prerequisite of .PHONY).
#  Implicit rule search has not been done.
#  File does not exist.
#  File has not been updated.
#  recipe to execute (from 'Makefile', line 645):
	$(am__remove_distdir)
	test -d "$(distdir)" || mkdir "$(distdir)"
	@srcdirstrip=`echo "$(srcdir)" | sed 's/[].[^$$\\*]/\\\\&/g'`; \
	topsrcdirstrip=`echo "$(top_srcdir)" | sed 's/[].[^$$\\*]/\\\\&/g'`; \
	list='$(DISTFILES)'; \
	  dist_files=`for file in $$list; do echo $$file; done | \
	  sed -e "s|^$$srcdirstrip/||;t" \
	      -e "s|^$$topsrcdirstrip/|$(top_builddir)/|;t"`; \
	case $$dist_files in \
	  */*) $(MKDIR_P) `echo "$$dist_files" | \
			   sed '/\//!d;s|^|$(distdir)/|;s,/[^/]*$$,,' | \
			   sort -u` ;; \
	esac; \
	for file in $$dist_files; do \
	  if test -f $$file || test -d $$file; then d=.; else d=$(srcdir); fi; \
	  if test -d $$d/$$file; then \
	    dir=`echo "/$$file" | sed -e 's,/[^/]*$$,,'`; \
	    if test -d "$(distdir)/$$file"; then \
	      find "$(distdir)/$$file" -type d ! -perm -700 -exec chmod u+rwx {} \;; \
	    fi; \
	    if test -d $(srcdir)/$$file && test $$d != $(srcdir); then \
	      cp -fpR $(srcdir)/$$file "$(distdir)$$dir" || exit 1; \
	      find "$(distdir)/$$file" -type d ! -perm -700 -exec chmod u+rwx {} \;; \
	    fi; \
	    cp -fpR $$d/$$file "$(distdir)$$dir" || exit 1; \
	  else \
	    test -f "$(distdir)/$$file" \
	    || cp -p $$d/$$file "$(distdir)/$$file" \
	    || exit 1; \
	  fi; \
	done
	@list='$(DIST_SUBDIRS)'; for subdir in $$list; do \
	  if test "$$subdir" = .; then :; else \
	    $(am__make_dryrun) \
	      || test -d "$(distdir)/$$subdir" \
	      || $(MKDIR_P) "$(distdir)/$$subdir" \
	      || exit 1; \
	    dir1=$$subdir; dir2="$(distdir)/$$subdir"; \
	    $(am__relativize); \
	    new_distdir=$$reldir; \
	    dir1=$$subdir; dir2="$(top_distdir)"; \
	    $(am__relativize); \
	    new_top_distdir=$$reldir; \
	    echo " (cd $$subdir && $(MAKE) $(AM_MAKEFLAGS) top_distdir="$$new_top_distdir" distdir="$$new_distdir" \\"; \
	    echo "     am__remove_distdir=: am__skip_length_check=: am__skip_mode_fix=: distdir)"; \
	    ($(am__cd) $$subdir && \
	      $(MAKE) $(AM_MAKEFLAGS) \
	        top_distdir="$$new_top_distdir" \
	        distdir="$$new_distdir" \
		am__remove_distdir=: \
		am__skip_length_check=: \
		am__skip_mode_fix=: \
	        distdir) \
	      || exit 1; \
	  fi; \
	done
	-test -n "$(am__skip_mode_fix)" \
	|| find "$(distdir)" -type d ! -perm -755 \
		-exec chmod u+rwx,go+rx {} \; -o \
	  ! -type d ! -perm -444 -links 1 -exec chmod a+r {} \; -o \
	  ! -type d ! -perm -400 -exec chmod a+r {} \; -o \
	  ! -type d ! -perm -444 -exec $(install_sh) -c -m a+r {} {} \; \
	|| chmod -R a+r "$(distdir)"

install-html-am:
#  Phony target (prerequisite of .PHONY).
 
#  Implicit rule search has not been done.
#  File does not exist.
#  File has not been updated.

# Not a target:
Package/gage-driver.conf:
#  Implicit rule search has not been done.
#  Modification time never checked.
#  File has not been updated.

# Not a target:
Sdk/GageCoerce/Coerce.c:
#  Implicit rule search has not been done.
#  Modification time never checked.
#  File has not been updated.

CTAGS: ctags
#  Phony target (prerequisite of .PHONY).
#  Implicit rule search has not been done.
#  File does not exist.
#  File has not been updated.

tags-recursive:
#  Phony target (prerequisite of .PHONY).
#  Implicit rule search has not been done.
#  File does not exist.
#  File has not been updated.
#  recipe to execute (from 'Makefile', line 545):
	@fail=; \
	if $(am__make_keepgoing); then \
	  failcom='fail=yes'; \
	else \
	  failcom='exit 1'; \
	fi; \
	dot_seen=no; \
	target=`echo $@ | sed s/-recursive//`; \
	case "$@" in \
	  distclean-* | maintainer-clean-*) list='$(DIST_SUBDIRS)' ;; \
	  *) list='$(SUBDIRS)' ;; \
	esac; \
	for subdir in $$list; do \
	  echo "Making $$target in $$subdir"; \
	  if test "$$subdir" = "."; then \
	    dot_seen=yes; \
	    local_target="$$target-am"; \
	  else \
	    local_target="$$target"; \
	  fi; \
	  ($(am__cd) $$subdir && $(MAKE) $(AM_MAKEFLAGS) $$local_target) \
	  || eval $$failcom; \
	done; \
	if test "$$dot_seen" = "no"; then \
	  $(MAKE) $(AM_MAKEFLAGS) "$$target-am" || exit 1; \
	fi; test -z "$$fail"

check-am: all-am
#  Phony target (prerequisite of .PHONY).
#  Implicit rule search has not been done.
#  File does not exist.
#  File has not been updated.

dist-xz: distdir
#  Phony target (prerequisite of .PHONY).
#  Implicit rule search has not been done.
#  File does not exist.
#  File has not been updated.
#  recipe to execute (from 'Makefile', line 721):
	tardir=$(distdir) && $(am__tar) | XZ_OPT=$${XZ_OPT--e} xz -c >$(distdir).tar.xz
	$(am__post_remove_distdir)

ps: ps-recursive
#  Phony target (prerequisite of .PHONY).
#  Implicit rule search has not been done.
#  File does not exist.
#  File has not been updated.

install: install-recursive
#  Phony target (prerequisite of .PHONY).
#  Implicit rule search has not been done.
#  File does not exist.
#  File has not been updated.
 

install-ps-am:
#  Phony target (prerequisite of .PHONY).
#  Implicit rule search has not been done.
#  File does not exist.
#  File has not been updated.

mostlyclean-recursive:
#  Phony target (prerequisite of .PHONY).
#  Implicit rule search has not been done.
#  File does not exist.
#  File has not been updated.
#  recipe to execute (from 'Makefile', line 545):
	@fail=; \
	if $(am__make_keepgoing); then \
	  failcom='fail=yes'; \
	else \
	  failcom='exit 1'; \
	fi; \
	dot_seen=no; \
	target=`echo $@ | sed s/-recursive//`; \
	case "$@" in \
	  distclean-* | maintainer-clean-*) list='$(DIST_SUBDIRS)' ;; \
	  *) list='$(SUBDIRS)' ;; \
	esac; \
	for subdir in $$list; do \
	  echo "Making $$target in $$subdir"; \
	  if test "$$subdir" = "."; then \
	    dot_seen=yes; \
	    local_target="$$target-am"; \
	  else \
	    local_target="$$target"; \
	  fi; \
	  ($(am__cd) $$subdir && $(MAKE) $(AM_MAKEFLAGS) $$local_target) \
	  || eval $$failcom; \
	done; \
	if test "$$dot_seen" = "no"; then \
	  $(MAKE) $(AM_MAKEFLAGS) "$$target-am" || exit 1; \
	fi; test -z "$$fail"

# files hash-table stats:
# Load=195/1024=19%, Rehash=0, Collisions=63/505=12%
# VPATH Search Paths

# No 'vpath' search paths.

# No general ('VPATH' variable) search path.

# strcache buffers: 1 (0) / strings = 218 / storage = 3804 B / avg = 17 B
# current buf: size = 8162 B / used = 3804 B / count = 218 / avg = 17 B

# strcache performance: lookups = 582 / hit rate = 62%
# hash-table stats:
 
# Load=218/8192=3%, Rehash=0, Collisions=16/582=3%
# Finished Make data base on Mon Jul 11 13:24:18 2022

 
